<?xml version="1.0" encoding="UTF-8"?>
<testsuites>
  <testsuite name="data_extension" timestamp="2025-06-05T12:33:34Z" hostname="2dd9b542335d" tests="21" skipped="0" failures="0" errors="0" time="0.713">
    <testcase time="0.018" classname="data_extension" name="check_expand_switch_works_as_expected"/>
    <testcase time="0.0389999999999999" classname="data_extension" name="check_expand_switch_works_as_expected"/>
    <testcase time="0.00900000000000012" classname="data_extension" name="check_expand_switch_works_as_expected"/>
    <testcase time="0.00299999999999989" classname="data_extension" name="check_expand_switch_works_as_expected"/>
    <testcase time="0.0389999999999999" classname="data_extension" name="expand_works_as_expected"/>
    <testcase time="0.0470000000000002" classname="data_extension" name="expand_works_as_expected"/>
    <testcase time="0.085" classname="data_extension" name="data_extensions_works_as_expected_with_first_and_last_periods"/>
    <testcase time="0.00299999999999989" classname="data_extension" name="data_extensions_works_as_expected_with_first_and_last_periods"/>
    <testcase time="0.00300000000000011" classname="data_extension" name="data_extensions_works_as_expected_with_first_and_last_periods"/>
    <testcase time="0.00099999999999989" classname="data_extension" name="data_extensions_works_as_expected_with_first_and_last_periods"/>
    <testcase time="0.004" classname="data_extension" name="data_extensions_works_as_expected_with_first_and_last_periods"/>
    <testcase time="0.004" classname="data_extension" name="data_extensions_works_as_expected_with_first_and_last_periods"/>
    <testcase time="0.00100000000000011" classname="data_extension" name="data_extensions_works_as_expected_with_first_and_last_periods"/>
    <testcase time="0.389" classname="data_extension" name="data_extensions_works_as_expected_with_separate_files_TRUE"/>
    <testcase time="0.002" classname="data_extension" name="data_extensions_works_as_expected_with_separate_files_TRUE"/>
    <testcase time="0.00099999999999989" classname="data_extension" name="data_extensions_works_as_expected_with_separate_files_TRUE"/>
    <testcase time="0.002" classname="data_extension" name="data_extensions_works_as_expected_with_separate_files_TRUE"/>
    <testcase time="0.00600000000000001" classname="data_extension" name="data_extensions_works_as_expected_with_separate_files_TRUE"/>
    <testcase time="0.00299999999999989" classname="data_extension" name="data_extensions_works_as_expected_with_separate_files_TRUE"/>
    <testcase time="0.00300000000000011" classname="data_extension" name="data_extensions_works_as_expected_with_separate_files_TRUE"/>
    <testcase time="0.0510000000000002" classname="data_extension" name="data_extensions_works_as_expected_with_separate_files_TRUE"/>
  </testsuite>
  <testsuite name="data_manipulation" timestamp="2025-06-05T12:33:35Z" hostname="2dd9b542335d" tests="12" skipped="0" failures="0" errors="0" time="1.379">
    <testcase time="0.651" classname="data_manipulation" name="data_manipulation_works_as_expected_with_no_censoring"/>
    <testcase time="0.00099999999999989" classname="data_manipulation" name="data_manipulation_works_as_expected_with_no_censoring"/>
    <testcase time="0.004" classname="data_manipulation" name="data_manipulation_works_as_expected_with_no_censoring"/>
    <testcase time="0.611" classname="data_manipulation" name="data_manipulation_works_as_expected_with_censoring"/>
    <testcase time="0.00199999999999978" classname="data_manipulation" name="data_manipulation_works_as_expected_with_censoring"/>
    <testcase time="0.004" classname="data_manipulation" name="data_manipulation_works_as_expected_with_censoring"/>
    <testcase time="0.048" classname="data_manipulation" name="data_manipulation_works_as_expected_with_observations_before_eligibilitiy"/>
    <testcase time="0.00099999999999989" classname="data_manipulation" name="data_manipulation_works_as_expected_with_observations_before_eligibilitiy"/>
    <testcase time="0.00500000000000034" classname="data_manipulation" name="data_manipulation_works_as_expected_with_observations_before_eligibilitiy"/>
    <testcase time="0.0459999999999998" classname="data_manipulation" name="data_manipulation_works_as_expected_with_observations_after_outcome"/>
    <testcase time="0.00099999999999989" classname="data_manipulation" name="data_manipulation_works_as_expected_with_observations_after_outcome"/>
    <testcase time="0.00500000000000034" classname="data_manipulation" name="data_manipulation_works_as_expected_with_observations_after_outcome"/>
  </testsuite>
  <testsuite name="data_preparation" timestamp="2025-06-05T12:33:37Z" hostname="2dd9b542335d" tests="24" skipped="0" failures="0" errors="0" time="13.979">
    <testcase time="4.22" classname="data_preparation" name="data_preparation_works_as_expected"/>
    <testcase time="0.00300000000000011" classname="data_preparation" name="data_preparation_works_as_expected"/>
    <testcase time="0.00199999999999978" classname="data_preparation" name="data_preparation_works_as_expected"/>
    <testcase time="0.000999999999999446" classname="data_preparation" name="data_preparation_works_as_expected"/>
    <testcase time="0.255000000000001" classname="data_preparation" name="data_preparation_works_as_expected"/>
    <testcase time="1.977" classname="data_preparation" name="data_preparation_can_be_quiet"/>
    <testcase time="0.00999999999999979" classname="data_preparation" name="data_preparation_gives_an_error_for_existing_trial_files"/>
    <testcase time="0.00900000000000034" classname="data_preparation" name="check_data_dir_gives_a_warning_for_existing_model_files"/>
    <testcase time="1.031" classname="data_preparation" name="data_preparation_has_correct_values_for_treatment_"/>
    <testcase time="0.00399999999999956" classname="data_preparation" name="data_preparation_has_correct_values_for_treatment_"/>
    <testcase time="2.538" classname="data_preparation" name="data_preparation_works_with_PP_estimand_type"/>
    <testcase time="0.00300000000000011" classname="data_preparation" name="data_preparation_works_with_PP_estimand_type"/>
    <testcase time="0.00300000000000011" classname="data_preparation" name="data_preparation_works_with_PP_estimand_type"/>
    <testcase time="0.00100000000000122" classname="data_preparation" name="data_preparation_works_with_PP_estimand_type"/>
    <testcase time="2.79" classname="data_preparation" name="data_preparation_works_with_As_Treated_estimand_type"/>
    <testcase time="0.00199999999999889" classname="data_preparation" name="data_preparation_works_with_As_Treated_estimand_type"/>
    <testcase time="0.00200000000000244" classname="data_preparation" name="data_preparation_works_with_As_Treated_estimand_type"/>
    <testcase time="0.000999999999997669" classname="data_preparation" name="data_preparation_works_with_As_Treated_estimand_type"/>
    <testcase time="1.107" classname="data_preparation" name="data_preparation_works_with_ITT_and_censor_weights"/>
    <testcase time="0.00399999999999778" classname="data_preparation" name="data_preparation_works_with_ITT_and_censor_weights"/>
    <testcase time="0.00400000000000134" classname="data_preparation" name="data_preparation_works_with_ITT_and_censor_weights"/>
    <testcase time="0.00199999999999889" classname="data_preparation" name="data_preparation_works_with_ITT_and_censor_weights"/>
    <testcase time="0.00500000000000256" classname="data_preparation" name="data_preparation_works_with_ITT_and_censor_weights"/>
    <testcase time="0.00499999999999901" classname="data_preparation" name="data_preparation_works_with_ITT_and_censor_weights"/>
  </testsuite>
  <testsuite name="data_utils" timestamp="2025-06-05T12:33:51Z" hostname="2dd9b542335d" tests="17" skipped="3" failures="0" errors="0" time="1.058">
    <testcase time="0.0120000000000005" classname="data_utils" name="weight_func_works_as_expected"/>
    <testcase time="0.204999999999998" classname="data_utils" name="weight_func_works_as_expected">
      <skipped message="Reason: On CRAN ('test-data_utils.R:6:3')"/>
    </testcase>
    <testcase time="0.0510000000000019" classname="data_utils" name="weight_func_works_saves_model_objects"/>
    <testcase time="0.457999999999998" classname="data_utils" name="weight_func_works_saves_model_objects"/>
    <testcase time="0.0109999999999992" classname="data_utils" name="weight_func_works_saves_model_objects"/>
    <testcase time="0.00500000000000256" classname="data_utils" name="weight_func_works_saves_model_objects"/>
    <testcase time="0.000999999999997669" classname="data_utils" name="weight_func_works_saves_model_objects"/>
    <testcase time="0.00799999999999912" classname="data_utils" name="weight_func_works_saves_model_objects"/>
    <testcase time="0.00500000000000256" classname="data_utils" name="weight_func_works_saves_model_objects"/>
    <testcase time="0.000999999999997669" classname="data_utils" name="weight_func_works_saves_model_objects"/>
    <testcase time="0.0990000000000002" classname="data_utils" name="weight_func_works_with_user_specified_time_on_regime">
      <skipped message="Reason: On CRAN ('test-data_utils.R:111:3')"/>
    </testcase>
    <testcase time="0.141000000000002" classname="data_utils" name="weight_func_works_with_pool_cense_TRUE">
      <skipped message="Reason: On CRAN ('test-data_utils.R:131:3')"/>
    </testcase>
    <testcase time="0.0279999999999987" classname="data_utils" name="select_data_cols_works_as_expected"/>
    <testcase time="0.00900000000000034" classname="data_utils" name="select_data_cols_works_as_expected_with_non_default_names"/>
    <testcase time="0.00199999999999889" classname="data_utils" name="select_data_cols_works_as_expected_with_non_default_names"/>
    <testcase time="0.0100000000000016" classname="data_utils" name="user_can_select_period_in_select_data_cols"/>
    <testcase time="0.0120000000000005" classname="data_utils" name="select_data_cols_allows_derived_variables_in_formula_vars"/>
  </testsuite>
  <testsuite name="generics" timestamp="2025-06-05T12:33:52Z" hostname="2dd9b542335d" tests="4" skipped="3" failures="0" errors="0" time="3.154">
    <testcase time="0.783999999999999" classname="generics" name="summary_for_data_preparation_separate_TRUE">
      <skipped message="Reason: On CRAN ('test-generics.R:25:3')"/>
    </testcase>
    <testcase time="1.157" classname="generics" name="summary_for_data_preparation_separate_FALSE">
      <skipped message="Reason: On CRAN ('test-generics.R:66:3')"/>
    </testcase>
    <testcase time="1.199" classname="generics" name="summary_for_initiators"/>
    <testcase time="0.0139999999999993" classname="generics" name="summary_for_initiators">
      <skipped message="Reason: On CRAN ('test-generics.R:95:3')"/>
    </testcase>
  </testsuite>
  <testsuite name="lr_utils" timestamp="2025-06-05T12:33:55Z" hostname="2dd9b542335d" tests="12" skipped="0" failures="0" errors="0" time="0.094">
    <testcase time="0.0380000000000003" classname="lr_utils" name="fit_glm_works"/>
    <testcase time="0.00199999999999889" classname="lr_utils" name="fit_glm_works"/>
    <testcase time="0.0160000000000018" classname="lr_utils" name="fit_glm_works_with_parglm_and_defaults"/>
    <testcase time="0.000999999999997669" classname="lr_utils" name="fit_glm_works_with_parglm_and_defaults"/>
    <testcase time="0.00300000000000011" classname="lr_utils" name="fit_glm_works_with_parglm_and_defaults"/>
    <testcase time="0.00400000000000134" classname="lr_utils" name="fit_glm_works_with_parglm_and_defaults"/>
    <testcase time="0.0069999999999979" classname="lr_utils" name="fit_glm_works_with_parglm"/>
    <testcase time="0.00400000000000134" classname="lr_utils" name="fit_glm_works_with_parglm"/>
    <testcase time="0.00300000000000011" classname="lr_utils" name="fit_glm_works_with_parglm"/>
    <testcase time="0.00300000000000011" classname="lr_utils" name="fit_glm_works_with_parglm"/>
    <testcase time="0.00700000000000145" classname="lr_utils" name="p99_weight_works_as_expected"/>
    <testcase time="0.00600000000000023" classname="lr_utils" name="limit_weight_works_as_expected"/>
  </testsuite>
  <testsuite name="modelling" timestamp="2025-06-05T12:33:55Z" hostname="2dd9b542335d" tests="26" skipped="10" failures="0" errors="0" time="13.414">
    <testcase time="0.244999999999997" classname="modelling" name="trial_msm_can_be_quiet"/>
    <testcase time="4.269" classname="modelling" name="trial_msm_gives_expected_results_in_example_data"/>
    <testcase time="0.00399999999999778" classname="modelling" name="trial_msm_gives_expected_results_in_example_data"/>
    <testcase time="0.00300000000000011" classname="modelling" name="trial_msm_gives_expected_results_in_example_data"/>
    <testcase time="0.00400000000000134" classname="modelling" name="trial_msm_gives_expected_results_in_example_data"/>
    <testcase time="0.00100000000000122" classname="modelling" name="trial_msm_gives_expected_results_in_example_data"/>
    <testcase time="2.72" classname="modelling" name="trial_msm_works_with_data.tables_and_weights"/>
    <testcase time="5.434" classname="modelling" name="trial_msm_works_with_data.tables_and_weights"/>
    <testcase time="0.00400000000000489" classname="modelling" name="trial_msm_works_with_data.tables_and_weights"/>
    <testcase time="0.00499999999999545" classname="modelling" name="Modelling_works_with_where_case">
      <skipped message="Reason: On CRAN ('test-modelling.R:99:3')"/>
    </testcase>
    <testcase time="0.0130000000000052" classname="modelling" name="trial_msm_works_with_analysis_weights_unweighted">
      <skipped message="Reason: On CRAN ('test-modelling.R:154:3')"/>
    </testcase>
    <testcase time="0.0129999999999981" classname="modelling" name="trial_msm_works_with_analysis_weights_p99">
      <skipped message="Reason: On CRAN ('test-modelling.R:175:3')"/>
    </testcase>
    <testcase time="0.0129999999999981" classname="modelling" name="trial_msm_works_with_analysis_weights_weight_limits">
      <skipped message="Reason: On CRAN ('test-modelling.R:205:3')"/>
    </testcase>
    <testcase time="0.0129999999999981" classname="modelling" name="trial_msm_works_with_missing_sample_weights">
      <skipped message="Reason: On CRAN ('test-modelling.R:229:3')"/>
    </testcase>
    <testcase time="0.0130000000000052" classname="modelling" name="trial_msm_works_with_sample_weights">
      <skipped message="Reason: On CRAN ('test-modelling.R:266:3')"/>
    </testcase>
    <testcase time="0.0139999999999958" classname="modelling" name="trial_msm_makes_model_formula_as_expected_with_weight_and_censor">
      <skipped message="Reason: On CRAN ('test-modelling.R:290:3')"/>
    </testcase>
    <testcase time="0.0129999999999981" classname="modelling" name="trial_msm_makes_model_formula_as_expected_with_estimand_As_Treated">
      <skipped message="Reason: On CRAN ('test-modelling.R:314:3')"/>
    </testcase>
    <testcase time="0.0140000000000029" classname="modelling" name="trial_msm_makes_model_formula_as_expected_with_estimand_type_ITT_and_unweighted">
      <skipped message="Reason: On CRAN ('test-modelling.R:357:3')"/>
    </testcase>
    <testcase time="0.286000000000001" classname="modelling" name="fit_msm_works"/>
    <testcase time="0.00200000000000244" classname="modelling" name="fit_msm_works"/>
    <testcase time="0.00499999999999545" classname="modelling" name="fit_msm_works"/>
    <testcase time="0.00200000000000244" classname="modelling" name="fit_msm_works"/>
    <testcase time="0.0229999999999961" classname="modelling" name="fit_msm_works">
      <skipped message="Reason: On CRAN ('test-modelling.R:431:3')"/>
    </testcase>
    <testcase time="0.259" classname="modelling" name="fit_msm_works_with_weight_functions"/>
    <testcase time="0.00500000000000256" classname="modelling" name="fit_msm_works_with_weight_functions"/>
    <testcase time="0.036999999999999" classname="modelling" name="fit_msm_works_with_weight_functions"/>
  </testsuite>
  <testsuite name="predict" timestamp="2025-06-05T12:34:08Z" hostname="2dd9b542335d" tests="14" skipped="4" failures="0" errors="0" time="44.611">
    <testcase time="17.728" classname="predict" name="predict.TE_msm_works_as_expected"/>
    <testcase time="0.0399999999999991" classname="predict" name="predict.TE_msm_works_as_expected">
      <skipped message="Reason: On CRAN ('test-predict.R:26:3')"/>
    </testcase>
    <testcase time="9.09" classname="predict" name="predict.TE_msm_works_with_newdata">
      <skipped message="Reason: On CRAN ('test-predict.R:51:3')"/>
    </testcase>
    <testcase time="0.0169999999999959" classname="predict" name="calculate_cum_inc_works_as_expected"/>
    <testcase time="0.0069999999999979" classname="predict" name="calculate_survival_works_as_expected"/>
    <testcase time="0.0310000000000059" classname="predict" name="predict.TE_msm_works_with_interactions"/>
    <testcase time="0.00199999999999534" classname="predict" name="predict.TE_msm_works_with_interactions"/>
    <testcase time="0.0470000000000041" classname="predict" name="predict.TE_msm_works_with_interactions">
      <skipped message="Reason: On CRAN ('test-predict.R:108:3')"/>
    </testcase>
    <testcase time="0.0619999999999976" classname="predict" name="predict.TE_msm_warns_for_As_Treated"/>
    <testcase time="0.00200000000000244" classname="predict" name="predict.TE_msm_warns_for_As_Treated"/>
    <testcase time="0.0219999999999985" classname="predict" name="predict.TE_msm_warns_for_As_Treated"/>
    <testcase time="17.477" classname="predict" name="predict.TE_msm_gives_the_same_results_as_new_predict"/>
    <testcase time="0.0609999999999928" classname="predict" name="predict.TE_msm_gives_the_same_results_as_new_predict"/>
    <testcase time="0.0250000000000057" classname="predict" name="predict.TE_msm_gives_the_same_results_as_new_predict">
      <skipped message="Reason: On CRAN ('test-predict.R:171:3')"/>
    </testcase>
  </testsuite>
  <testsuite name="robust" timestamp="2025-06-05T12:34:53Z" hostname="2dd9b542335d" tests="3" skipped="0" failures="0" errors="0" time="1.645">
    <testcase time="1.63" classname="robust" name="robust_calculation_works_as_expected"/>
    <testcase time="0.0109999999999957" classname="robust" name="robust_calculation_works_as_expected"/>
    <testcase time="0.00400000000000489" classname="robust" name="robust_calculation_works_as_expected"/>
  </testsuite>
  <testsuite name="sampling" timestamp="2025-06-05T12:34:54Z" hostname="2dd9b542335d" tests="37" skipped="7" failures="0" errors="0" time="7.348">
    <testcase time="0.0829999999999984" classname="sampling" name="do_sampling_works_as_expected_when_case_exist">
      <skipped message="Reason: On CRAN ('test-sampling.R:5:3')"/>
    </testcase>
    <testcase time="0.112000000000009" classname="sampling" name="do_sampling_works_as_expected_when_no_cases_exist">
      <skipped message="Reason: On CRAN ('test-sampling.R:15:3')"/>
    </testcase>
    <testcase time="0.100999999999999" classname="sampling" name="sample_from_period_works_as_expected"/>
    <testcase time="0.00300000000000011" classname="sampling" name="sample_from_period_works_as_expected"/>
    <testcase time="0.00600000000000023" classname="sampling" name="sample_from_period_works_as_expected"/>
    <testcase time="0.00300000000000011" classname="sampling" name="sample_from_period_works_as_expected"/>
    <testcase time="0.00600000000000023" classname="sampling" name="sample_from_period_works_as_expected">
      <skipped message="Reason: On CRAN ('test-sampling.R:34:3')"/>
    </testcase>
    <testcase time="0.0859999999999985" classname="sampling" name="sample_from_period_works_as_expected_with_multiple_proportions"/>
    <testcase time="0.00399999999999068" classname="sampling" name="sample_from_period_works_as_expected_with_multiple_proportions"/>
    <testcase time="0.00200000000000955" classname="sampling" name="sample_from_period_works_as_expected_with_multiple_proportions"/>
    <testcase time="0.00300000000000011" classname="sampling" name="sample_from_period_works_as_expected_with_multiple_proportions"/>
    <testcase time="0.00799999999999557" classname="sampling" name="sample_from_period_works_as_expected_with_multiple_proportions">
      <skipped message="Reason: On CRAN ('test-sampling.R:54:3')"/>
    </testcase>
    <testcase time="1.34099999999999" classname="sampling" name="case_control_sampling_trials_works_with_separate_files_TRUE"/>
    <testcase time="0.00800000000000978" classname="sampling" name="case_control_sampling_trials_works_with_separate_files_TRUE">
      <skipped message="Reason: On CRAN ('test-sampling.R:86:3')"/>
    </testcase>
    <testcase time="1.372" classname="sampling" name="case_control_sampling_trials_works_with_separate_files_FALSE"/>
    <testcase time="0.00799999999999557" classname="sampling" name="case_control_sampling_trials_works_with_separate_files_FALSE">
      <skipped message="Reason: On CRAN ('test-sampling.R:103:3')"/>
    </testcase>
    <testcase time="1.98099999999999" classname="sampling" name="case_control_sampling_trials_works_with_separate_files_TRUE_is_reproducible"/>
    <testcase time="0.549000000000007" classname="sampling" name="case_control_sampling_trials_works_with_subsetting"/>
    <testcase time="0.00799999999999557" classname="sampling" name="case_control_sampling_trials_gives_errors_for_arguments"/>
    <testcase time="0.00600000000000023" classname="sampling" name="case_control_sampling_trials_gives_errors_for_arguments"/>
    <testcase time="1.041" classname="sampling" name="case_control_sampling_trials_works_with_multiple_p_control"/>
    <testcase time="0.00200000000000955" classname="sampling" name="case_control_sampling_trials_works_with_multiple_p_control"/>
    <testcase time="0.000999999999990564" classname="sampling" name="case_control_sampling_trials_works_with_multiple_p_control"/>
    <testcase time="0.00500000000000966" classname="sampling" name="case_control_sampling_trials_works_with_sort_TRUE">
      <skipped message="Reason: On CRAN ('test-sampling.R:180:3')"/>
    </testcase>
    <testcase time="0.0169999999999959" classname="sampling" name="sample_controls_works_with_trial_sequence_objects_containing_te_datastore_datatable_objects"/>
    <testcase time="0.260999999999996" classname="sampling" name="sample_controls_works_with_trial_sequence_objects_containing_te_datastore_datatable_objects"/>
    <testcase time="0.153000000000006" classname="sampling" name="sample_controls_works_with_trial_sequence_objects_containing_te_datastore_datatable_objects"/>
    <testcase time="0.0810000000000031" classname="sampling" name="sample_controls_works_with_trial_sequence_objects_containing_te_datastore_datatable_objects"/>
    <testcase time="0.054000000000002" classname="sampling" name="sample_controls_works_with_trial_sequence_objects_containing_te_datastore_datatable_objects"/>
    <testcase time="0.00399999999999068" classname="sampling" name="sample_controls_works_with_trial_sequence_objects_containing_te_datastore_datatable_objects"/>
    <testcase time="0.00300000000000011" classname="sampling" name="sample_controls_works_with_trial_sequence_objects_containing_te_datastore_datatable_objects"/>
    <testcase time="0.00300000000000011" classname="sampling" name="sample_controls_works_with_trial_sequence_objects_containing_te_datastore_datatable_objects"/>
    <testcase time="0.00300000000000011" classname="sampling" name="sample_controls_works_with_trial_sequence_objects_containing_te_datastore_datatable_objects"/>
    <testcase time="0.0260000000000105" classname="sampling" name="sample_controls_works_with_trial_sequence_objects_containing_te_datastore_datatable_objects"/>
    <testcase time="0.000999999999990564" classname="sampling" name="sample_controls_works_with_trial_sequence_objects_containing_te_datastore_datatable_objects"/>
    <testcase time="0.00200000000000955" classname="sampling" name="sample_controls_works_with_trial_sequence_objects_containing_te_datastore_datatable_objects"/>
    <testcase time="0.000999999999990564" classname="sampling" name="sample_controls_works_with_trial_sequence_objects_containing_te_datastore_datatable_objects"/>
  </testsuite>
  <testsuite name="te_data" timestamp="2025-06-05T12:35:02Z" hostname="2dd9b542335d" tests="10" skipped="0" failures="0" errors="0" time="0.047">
    <testcase time="0.0100000000000051" classname="te_data" name="te_outcome_data_constructor_works"/>
    <testcase time="0.00300000000000011" classname="te_data" name="te_outcome_data_constructor_works"/>
    <testcase time="0.00300000000000011" classname="te_data" name="te_outcome_data_constructor_works"/>
    <testcase time="0.00399999999999068" classname="te_data" name="te_outcome_data_constructor_works"/>
    <testcase time="0.00100000000000477" classname="te_data" name="te_outcome_data_constructor_works"/>
    <testcase time="0.00300000000000011" classname="te_data" name="te_outcome_data_constructor_works"/>
    <testcase time="0.00300000000000011" classname="te_data" name="te_outcome_data_constructor_works"/>
    <testcase time="0.00799999999999557" classname="te_data" name="te_outcome_data_constructor_fails_on_bad_input"/>
    <testcase time="0.00600000000000023" classname="te_data" name="te_outcome_data_constructor_fails_on_bad_input"/>
    <testcase time="0.00600000000000023" classname="te_data" name="te_outcome_data_constructor_fails_on_bad_input"/>
  </testsuite>
  <testsuite name="te_datastore" timestamp="2025-06-05T12:35:02Z" hostname="2dd9b542335d" tests="7" skipped="0" failures="0" errors="0" time="0.21">
    <testcase time="0.155000000000001" classname="te_datastore" name="read_expanded_data_can_read_te_datastore_datatable_data"/>
    <testcase time="0.00400000000000489" classname="te_datastore" name="read_expanded_data_can_read_te_datastore_datatable_data"/>
    <testcase time="0.00499999999999545" classname="te_datastore" name="read_expanded_data_can_read_te_datastore_datatable_data"/>
    <testcase time="0.0320000000000107" classname="te_datastore" name="read_expanded_data_can_read_te_datastore_datatable_data"/>
    <testcase time="0.00600000000000023" classname="te_datastore" name="read_expanded_data_can_read_te_datastore_datatable_data"/>
    <testcase time="0.00300000000000011" classname="te_datastore" name="read_expanded_data_can_read_te_datastore_datatable_data"/>
    <testcase time="0.00499999999999545" classname="te_datastore" name="read_expanded_data_can_read_te_datastore_datatable_data"/>
  </testsuite>
  <testsuite name="te_datastore_csv" timestamp="2025-06-05T12:35:02Z" hostname="2dd9b542335d" tests="48" skipped="0" failures="0" errors="0" time="1.588">
    <testcase time="0.0559999999999974" classname="te_datastore_csv" name="te_datastore_csv_validator_works"/>
    <testcase time="0.00499999999999545" classname="te_datastore_csv" name="te_datastore_csv_validator_works"/>
    <testcase time="0.0620000000000118" classname="te_datastore_csv" name="read_expanded_data_can_read_te_datastore_csv_data"/>
    <testcase time="0.012999999999991" classname="te_datastore_csv" name="read_expanded_data_can_read_te_datastore_csv_data"/>
    <testcase time="0.00499999999999545" classname="te_datastore_csv" name="read_expanded_data_can_read_te_datastore_csv_data"/>
    <testcase time="0.00600000000000023" classname="te_datastore_csv" name="read_expanded_data_can_read_te_datastore_csv_data"/>
    <testcase time="0.00500000000000966" classname="te_datastore_csv" name="read_expanded_data_can_read_te_datastore_csv_data"/>
    <testcase time="0.046999999999997" classname="te_datastore_csv" name="read_expanded_data_can_read_te_datastore_csv_data"/>
    <testcase time="0.0139999999999958" classname="te_datastore_csv" name="read_expanded_data_can_read_te_datastore_csv_data"/>
    <testcase time="0.248000000000005" classname="te_datastore_csv" name="sample_controls_works_with_trial_sequence_objects_containing_te_datastore_csv_objects"/>
    <testcase time="0.190999999999988" classname="te_datastore_csv" name="sample_controls_works_with_trial_sequence_objects_containing_te_datastore_csv_objects"/>
    <testcase time="0.0570000000000022" classname="te_datastore_csv" name="sample_controls_works_with_trial_sequence_objects_containing_te_datastore_csv_objects"/>
    <testcase time="0.0570000000000022" classname="te_datastore_csv" name="sample_controls_works_with_trial_sequence_objects_containing_te_datastore_csv_objects"/>
    <testcase time="0.00399999999999068" classname="te_datastore_csv" name="sample_controls_works_with_trial_sequence_objects_containing_te_datastore_csv_objects"/>
    <testcase time="0.00400000000000489" classname="te_datastore_csv" name="sample_controls_works_with_trial_sequence_objects_containing_te_datastore_csv_objects"/>
    <testcase time="0.00400000000000489" classname="te_datastore_csv" name="sample_controls_works_with_trial_sequence_objects_containing_te_datastore_csv_objects"/>
    <testcase time="0.00300000000000011" classname="te_datastore_csv" name="sample_controls_works_with_trial_sequence_objects_containing_te_datastore_csv_objects"/>
    <testcase time="0.0339999999999918" classname="te_datastore_csv" name="sample_controls_works_with_trial_sequence_objects_containing_te_datastore_csv_objects"/>
    <testcase time="0.00300000000000011" classname="te_datastore_csv" name="sample_controls_works_with_trial_sequence_objects_containing_te_datastore_csv_objects"/>
    <testcase time="0.00300000000000011" classname="te_datastore_csv" name="sample_controls_works_with_trial_sequence_objects_containing_te_datastore_csv_objects"/>
    <testcase time="0.00300000000000011" classname="te_datastore_csv" name="sample_controls_works_with_trial_sequence_objects_containing_te_datastore_csv_objects"/>
    <testcase time="0.0350000000000108" classname="te_datastore_csv" name="sample_controls_works_with_trial_sequence_objects_containing_te_datastore_csv_objects"/>
    <testcase time="0.00300000000000011" classname="te_datastore_csv" name="sample_controls_works_with_trial_sequence_objects_containing_te_datastore_csv_objects"/>
    <testcase time="0.00199999999999534" classname="te_datastore_csv" name="sample_controls_works_with_trial_sequence_objects_containing_te_datastore_csv_objects"/>
    <testcase time="0.00100000000000477" classname="te_datastore_csv" name="sample_controls_works_with_trial_sequence_objects_containing_te_datastore_csv_objects"/>
    <testcase time="0.000999999999990564" classname="te_datastore_csv" name="sample_controls_works_with_trial_sequence_objects_containing_te_datastore_csv_objects"/>
    <testcase time="0.231999999999999" classname="te_datastore_csv" name="load_expanded_data_works_with_trial_sequence_objects_containing_te_datastore_csv_objects"/>
    <testcase time="0.0600000000000023" classname="te_datastore_csv" name="load_expanded_data_works_with_trial_sequence_objects_containing_te_datastore_csv_objects"/>
    <testcase time="0.164000000000001" classname="te_datastore_csv" name="load_expanded_data_works_with_trial_sequence_objects_containing_te_datastore_csv_objects"/>
    <testcase time="0.0879999999999939" classname="te_datastore_csv" name="load_expanded_data_works_with_trial_sequence_objects_containing_te_datastore_csv_objects"/>
    <testcase time="0.0580000000000069" classname="te_datastore_csv" name="load_expanded_data_works_with_trial_sequence_objects_containing_te_datastore_csv_objects"/>
    <testcase time="0.00400000000000489" classname="te_datastore_csv" name="load_expanded_data_works_with_trial_sequence_objects_containing_te_datastore_csv_objects"/>
    <testcase time="0.00399999999999068" classname="te_datastore_csv" name="load_expanded_data_works_with_trial_sequence_objects_containing_te_datastore_csv_objects"/>
    <testcase time="0.00400000000000489" classname="te_datastore_csv" name="load_expanded_data_works_with_trial_sequence_objects_containing_te_datastore_csv_objects"/>
    <testcase time="0.00400000000000489" classname="te_datastore_csv" name="load_expanded_data_works_with_trial_sequence_objects_containing_te_datastore_csv_objects"/>
    <testcase time="0.00300000000000011" classname="te_datastore_csv" name="load_expanded_data_works_with_trial_sequence_objects_containing_te_datastore_csv_objects"/>
    <testcase time="0.00300000000000011" classname="te_datastore_csv" name="load_expanded_data_works_with_trial_sequence_objects_containing_te_datastore_csv_objects"/>
    <testcase time="0.00300000000000011" classname="te_datastore_csv" name="load_expanded_data_works_with_trial_sequence_objects_containing_te_datastore_csv_objects"/>
    <testcase time="0.032999999999987" classname="te_datastore_csv" name="load_expanded_data_works_with_trial_sequence_objects_containing_te_datastore_csv_objects"/>
    <testcase time="0.00300000000000011" classname="te_datastore_csv" name="load_expanded_data_works_with_trial_sequence_objects_containing_te_datastore_csv_objects"/>
    <testcase time="0.00400000000000489" classname="te_datastore_csv" name="load_expanded_data_works_with_trial_sequence_objects_containing_te_datastore_csv_objects"/>
    <testcase time="0.00300000000000011" classname="te_datastore_csv" name="load_expanded_data_works_with_trial_sequence_objects_containing_te_datastore_csv_objects"/>
    <testcase time="0.0100000000000051" classname="te_datastore_csv" name="load_expanded_data_works_with_trial_sequence_objects_containing_te_datastore_csv_objects"/>
    <testcase time="0.0339999999999918" classname="te_datastore_csv" name="load_expanded_data_works_with_trial_sequence_objects_containing_te_datastore_csv_objects"/>
    <testcase time="0.00400000000000489" classname="te_datastore_csv" name="load_expanded_data_works_with_trial_sequence_objects_containing_te_datastore_csv_objects"/>
    <testcase time="0.00100000000000477" classname="te_datastore_csv" name="load_expanded_data_works_with_trial_sequence_objects_containing_te_datastore_csv_objects"/>
    <testcase time="0.00199999999999534" classname="te_datastore_csv" name="load_expanded_data_works_with_trial_sequence_objects_containing_te_datastore_csv_objects"/>
    <testcase time="0.00100000000000477" classname="te_datastore_csv" name="load_expanded_data_works_with_trial_sequence_objects_containing_te_datastore_csv_objects"/>
  </testsuite>
  <testsuite name="te_datastore_duckdb" timestamp="2025-06-05T12:35:04Z" hostname="2dd9b542335d" tests="53" skipped="0" failures="0" errors="0" time="1.202">
    <testcase time="0.0729999999999933" classname="te_datastore_duckdb" name="save_to_duckdb_works_as_expected"/>
    <testcase time="0.00100000000000477" classname="te_datastore_duckdb" name="save_to_duckdb_works_as_expected"/>
    <testcase time="0.00300000000000011" classname="te_datastore_duckdb" name="save_to_duckdb_works_as_expected"/>
    <testcase time="0.00300000000000011" classname="te_datastore_duckdb" name="save_to_duckdb_works_as_expected"/>
    <testcase time="0.302999999999997" classname="te_datastore_duckdb" name="read_expanded_data_can_read_te_datastore_duckdb_data"/>
    <testcase time="0.00499999999999545" classname="te_datastore_duckdb" name="read_expanded_data_can_read_te_datastore_duckdb_data"/>
    <testcase time="0.00499999999999545" classname="te_datastore_duckdb" name="read_expanded_data_can_read_te_datastore_duckdb_data"/>
    <testcase time="0.00500000000000966" classname="te_datastore_duckdb" name="read_expanded_data_can_read_te_datastore_duckdb_data"/>
    <testcase time="0.00499999999999545" classname="te_datastore_duckdb" name="read_expanded_data_can_read_te_datastore_duckdb_data"/>
    <testcase time="0.00600000000000023" classname="te_datastore_duckdb" name="read_expanded_data_can_read_te_datastore_duckdb_data"/>
    <testcase time="0.00199999999999534" classname="te_datastore_duckdb" name="read_expanded_data_can_read_te_datastore_duckdb_data"/>
    <testcase time="0.00600000000000023" classname="te_datastore_duckdb" name="read_expanded_data_can_read_te_datastore_duckdb_data"/>
    <testcase time="0.292000000000002" classname="te_datastore_duckdb" name="sample_controls_works_with_trial_sequence_objects_containing_te_datastore_duckdb_objects"/>
    <testcase time="0.00799999999999557" classname="te_datastore_duckdb" name="sample_controls_works_with_trial_sequence_objects_containing_te_datastore_duckdb_objects"/>
    <testcase time="0.007000000000005" classname="te_datastore_duckdb" name="sample_controls_works_with_trial_sequence_objects_containing_te_datastore_duckdb_objects"/>
    <testcase time="0.00300000000000011" classname="te_datastore_duckdb" name="sample_controls_works_with_trial_sequence_objects_containing_te_datastore_duckdb_objects"/>
    <testcase time="0.00400000000000489" classname="te_datastore_duckdb" name="sample_controls_works_with_trial_sequence_objects_containing_te_datastore_duckdb_objects"/>
    <testcase time="0.0339999999999918" classname="te_datastore_duckdb" name="sample_controls_works_with_trial_sequence_objects_containing_te_datastore_duckdb_objects"/>
    <testcase time="0.00600000000000023" classname="te_datastore_duckdb" name="sample_controls_works_with_trial_sequence_objects_containing_te_datastore_duckdb_objects"/>
    <testcase time="0.00400000000000489" classname="te_datastore_duckdb" name="sample_controls_works_with_trial_sequence_objects_containing_te_datastore_duckdb_objects"/>
    <testcase time="0.00300000000000011" classname="te_datastore_duckdb" name="sample_controls_works_with_trial_sequence_objects_containing_te_datastore_duckdb_objects"/>
    <testcase time="0.0159999999999911" classname="te_datastore_duckdb" name="sample_controls_works_with_trial_sequence_objects_containing_te_datastore_duckdb_objects"/>
    <testcase time="0.00300000000000011" classname="te_datastore_duckdb" name="sample_controls_works_with_trial_sequence_objects_containing_te_datastore_duckdb_objects"/>
    <testcase time="0.00300000000000011" classname="te_datastore_duckdb" name="sample_controls_works_with_trial_sequence_objects_containing_te_datastore_duckdb_objects"/>
    <testcase time="0.00300000000000011" classname="te_datastore_duckdb" name="sample_controls_works_with_trial_sequence_objects_containing_te_datastore_duckdb_objects"/>
    <testcase time="0.00300000000000011" classname="te_datastore_duckdb" name="sample_controls_works_with_trial_sequence_objects_containing_te_datastore_duckdb_objects"/>
    <testcase time="0.00100000000000477" classname="te_datastore_duckdb" name="sample_controls_works_with_trial_sequence_objects_containing_te_datastore_duckdb_objects"/>
    <testcase time="0.00100000000000477" classname="te_datastore_duckdb" name="sample_controls_works_with_trial_sequence_objects_containing_te_datastore_duckdb_objects"/>
    <testcase time="0.000999999999990564" classname="te_datastore_duckdb" name="sample_controls_works_with_trial_sequence_objects_containing_te_datastore_duckdb_objects"/>
    <testcase time="0.271000000000001" classname="te_datastore_duckdb" name="load_expanded_data_works_with_trial_sequence_objects_containing_te_datastore_duckdb_objects"/>
    <testcase time="0.007000000000005" classname="te_datastore_duckdb" name="load_expanded_data_works_with_trial_sequence_objects_containing_te_datastore_duckdb_objects"/>
    <testcase time="0.007000000000005" classname="te_datastore_duckdb" name="load_expanded_data_works_with_trial_sequence_objects_containing_te_datastore_duckdb_objects"/>
    <testcase time="0.00799999999999557" classname="te_datastore_duckdb" name="load_expanded_data_works_with_trial_sequence_objects_containing_te_datastore_duckdb_objects"/>
    <testcase time="0.00300000000000011" classname="te_datastore_duckdb" name="load_expanded_data_works_with_trial_sequence_objects_containing_te_datastore_duckdb_objects"/>
    <testcase time="0.00300000000000011" classname="te_datastore_duckdb" name="load_expanded_data_works_with_trial_sequence_objects_containing_te_datastore_duckdb_objects"/>
    <testcase time="0.00300000000000011" classname="te_datastore_duckdb" name="load_expanded_data_works_with_trial_sequence_objects_containing_te_datastore_duckdb_objects"/>
    <testcase time="0.00300000000000011" classname="te_datastore_duckdb" name="load_expanded_data_works_with_trial_sequence_objects_containing_te_datastore_duckdb_objects"/>
    <testcase time="0.00499999999999545" classname="te_datastore_duckdb" name="load_expanded_data_works_with_trial_sequence_objects_containing_te_datastore_duckdb_objects"/>
    <testcase time="0.00300000000000011" classname="te_datastore_duckdb" name="load_expanded_data_works_with_trial_sequence_objects_containing_te_datastore_duckdb_objects"/>
    <testcase time="0.00300000000000011" classname="te_datastore_duckdb" name="load_expanded_data_works_with_trial_sequence_objects_containing_te_datastore_duckdb_objects"/>
    <testcase time="0.00300000000000011" classname="te_datastore_duckdb" name="load_expanded_data_works_with_trial_sequence_objects_containing_te_datastore_duckdb_objects"/>
    <testcase time="0.01400000000001" classname="te_datastore_duckdb" name="load_expanded_data_works_with_trial_sequence_objects_containing_te_datastore_duckdb_objects"/>
    <testcase time="0.00399999999999068" classname="te_datastore_duckdb" name="load_expanded_data_works_with_trial_sequence_objects_containing_te_datastore_duckdb_objects"/>
    <testcase time="0.00300000000000011" classname="te_datastore_duckdb" name="load_expanded_data_works_with_trial_sequence_objects_containing_te_datastore_duckdb_objects"/>
    <testcase time="0.00300000000000011" classname="te_datastore_duckdb" name="load_expanded_data_works_with_trial_sequence_objects_containing_te_datastore_duckdb_objects"/>
    <testcase time="0.00300000000000011" classname="te_datastore_duckdb" name="load_expanded_data_works_with_trial_sequence_objects_containing_te_datastore_duckdb_objects"/>
    <testcase time="0.007000000000005" classname="te_datastore_duckdb" name="load_expanded_data_works_with_trial_sequence_objects_containing_te_datastore_duckdb_objects"/>
    <testcase time="0.00199999999999534" classname="te_datastore_duckdb" name="load_expanded_data_works_with_trial_sequence_objects_containing_te_datastore_duckdb_objects"/>
    <testcase time="0.00100000000000477" classname="te_datastore_duckdb" name="load_expanded_data_works_with_trial_sequence_objects_containing_te_datastore_duckdb_objects"/>
    <testcase time="0.000999999999990564" classname="te_datastore_duckdb" name="load_expanded_data_works_with_trial_sequence_objects_containing_te_datastore_duckdb_objects"/>
    <testcase time="0.0210000000000008" classname="te_datastore_duckdb" name="translate_to_sql_works_as_intended"/>
    <testcase time="0.01400000000001" classname="te_datastore_duckdb" name="translate_to_sql_catches_the_error_and_provides_a_message"/>
    <testcase time="0.000999999999990564" classname="te_datastore_duckdb" name="translate_to_sql_catches_the_error_and_provides_a_message"/>
  </testsuite>
  <testsuite name="te_model_fitter" timestamp="2025-06-05T12:35:05Z" hostname="2dd9b542335d" tests="22" skipped="0" failures="0" errors="0" time="4.71">
    <testcase time="0.00900000000000034" classname="te_model_fitter" name="stats_glm_logit_creates_the_fitter_object"/>
    <testcase time="0.00500000000000966" classname="te_model_fitter" name="stats_glm_logit_creates_the_fitter_object_with_path"/>
    <testcase time="0.00300000000000011" classname="te_model_fitter" name="stats_glm_logit_creates_the_fitter_object_with_path"/>
    <testcase time="0.0139999999999958" classname="te_model_fitter" name="fit_weights_model_works_for_stats_glm_logit"/>
    <testcase time="0.00400000000000489" classname="te_model_fitter" name="fit_weights_model_works_for_stats_glm_logit"/>
    <testcase time="0.00300000000000011" classname="te_model_fitter" name="fit_weights_model_works_for_stats_glm_logit"/>
    <testcase time="0.00399999999999068" classname="te_model_fitter" name="fit_weights_model_works_for_stats_glm_logit"/>
    <testcase time="0.027000000000001" classname="te_model_fitter" name="fit_weights_model_works_for_stats_glm_logit"/>
    <testcase time="0.00800000000000978" classname="te_model_fitter" name="fit_weights_model_works_for_stats_glm_logit"/>
    <testcase time="0.00199999999999534" classname="te_model_fitter" name="fit_weights_model_works_for_stats_glm_logit"/>
    <testcase time="0.00199999999999534" classname="te_model_fitter" name="fit_weights_model_works_for_stats_glm_logit"/>
    <testcase time="4.563" classname="te_model_fitter" name="fit_outcome_model_works_for_stats_glm_logit"/>
    <testcase time="0.00100000000000477" classname="te_model_fitter" name="fit_outcome_model_works_for_stats_glm_logit"/>
    <testcase time="0.00399999999999068" classname="te_model_fitter" name="fit_outcome_model_works_for_stats_glm_logit"/>
    <testcase time="0.007000000000005" classname="te_model_fitter" name="fit_outcome_model_works_for_stats_glm_logit"/>
    <testcase time="0.00400000000000489" classname="te_model_fitter" name="fit_outcome_model_works_for_stats_glm_logit"/>
    <testcase time="0.000999999999990564" classname="te_model_fitter" name="fit_outcome_model_works_for_stats_glm_logit"/>
    <testcase time="0.00400000000000489" classname="te_model_fitter" name="fit_outcome_model_works_for_stats_glm_logit"/>
    <testcase time="0.0150000000000006" classname="te_model_fitter" name="fit_outcome_model_works_for_stats_glm_logit_with_save_dir"/>
    <testcase time="0.00199999999999534" classname="te_model_fitter" name="fit_outcome_model_works_for_stats_glm_logit_with_save_dir"/>
    <testcase time="0.00400000000000489" classname="te_model_fitter" name="fit_outcome_model_works_for_stats_glm_logit_with_save_dir"/>
    <testcase time="0.0240000000000009" classname="te_model_fitter" name="fit_outcome_model_works_for_stats_glm_logit_with_save_dir"/>
  </testsuite>
  <testsuite name="te_parsnip" timestamp="2025-06-05T12:35:10Z" hostname="2dd9b542335d" tests="18" skipped="0" failures="0" errors="0" time="0.413">
    <testcase time="0.179000000000002" classname="te_parsnip" name="parsnip_model_works"/>
    <testcase time="0.00300000000000011" classname="te_parsnip" name="parsnip_model_works"/>
    <testcase time="0.00999999999999091" classname="te_parsnip" name="parsnip_model_fails_for_invalid_model_specifications"/>
    <testcase time="0.00600000000000023" classname="te_parsnip" name="parsnip_model_fails_for_invalid_model_specifications"/>
    <testcase time="0.00500000000000966" classname="te_parsnip" name="parsnip_model_fails_for_invalid_model_specifications"/>
    <testcase time="0.120999999999995" classname="te_parsnip" name="fit_weights_model_works_for_parsnip_models"/>
    <testcase time="0.00300000000000011" classname="te_parsnip" name="fit_weights_model_works_for_parsnip_models"/>
    <testcase time="0.00199999999999534" classname="te_parsnip" name="fit_weights_model_works_for_parsnip_models"/>
    <testcase time="0.00500000000000966" classname="te_parsnip" name="fit_weights_model_works_for_parsnip_models"/>
    <testcase time="0.000999999999990564" classname="te_parsnip" name="fit_weights_model_works_for_parsnip_models"/>
    <testcase time="0.00200000000000955" classname="te_parsnip" name="fit_weights_model_works_for_parsnip_models"/>
    <testcase time="0.0559999999999974" classname="te_parsnip" name="fit_weights_model_works_parsnip_logistic_regression"/>
    <testcase time="0.00300000000000011" classname="te_parsnip" name="fit_weights_model_works_parsnip_logistic_regression"/>
    <testcase time="0.00399999999999068" classname="te_parsnip" name="fit_weights_model_works_parsnip_logistic_regression"/>
    <testcase time="0.00400000000000489" classname="te_parsnip" name="fit_weights_model_works_parsnip_logistic_regression"/>
    <testcase time="0.00100000000000477" classname="te_parsnip" name="fit_weights_model_works_parsnip_logistic_regression"/>
    <testcase time="0.00499999999999545" classname="te_parsnip" name="fit_weights_model_works_parsnip_logistic_regression"/>
    <testcase time="0.00300000000000011" classname="te_parsnip" name="fit_weights_model_works_parsnip_logistic_regression"/>
  </testsuite>
  <testsuite name="te_weights" timestamp="2025-06-05T12:35:10Z" hostname="2dd9b542335d" tests="8" skipped="2" failures="0" errors="0" time="0.548">
    <testcase time="0.140000000000001" classname="te_weights" name="show_works_for_te_weights_spec_objects">
      <skipped message="Reason: On CRAN ('test-te_weights.R:20:3')"/>
    </testcase>
    <testcase time="0.180999999999997" classname="te_weights" name="weight_model_data_indices_works"/>
    <testcase time="0.00300000000000011" classname="te_weights" name="weight_model_data_indices_works"/>
    <testcase time="0.00400000000000489" classname="te_weights" name="weight_model_data_indices_works"/>
    <testcase time="0.0139999999999958" classname="te_weights" name="weight_model_data_indices_works">
      <skipped message="Reason: On CRAN ('test-te_weights.R:62:3')"/>
    </testcase>
    <testcase time="0.195999999999998" classname="te_weights" name="weight_model_data_indices_catches_bad_input"/>
    <testcase time="0.00500000000000966" classname="te_weights" name="weight_model_data_indices_catches_bad_input"/>
    <testcase time="0.00499999999999545" classname="te_weights" name="weight_model_data_indices_catches_bad_input"/>
  </testsuite>
  <testsuite name="trial_sequence" timestamp="2025-06-05T12:35:11Z" hostname="2dd9b542335d" tests="122" skipped="4" failures="0" errors="0" time="7.326">
    <testcase time="0.0120000000000005" classname="trial_sequence" name="trial_sequence_creates_an_object_for_per_protocol"/>
    <testcase time="0.00300000000000011" classname="trial_sequence" name="trial_sequence_creates_an_object_for_per_protocol"/>
    <testcase time="0.00499999999999545" classname="trial_sequence" name="trial_sequence_creates_an_object_for_itt"/>
    <testcase time="0.00300000000000011" classname="trial_sequence" name="trial_sequence_creates_an_object_for_itt"/>
    <testcase time="0.00500000000000966" classname="trial_sequence" name="trial_sequence_creates_an_object_for_as_treated"/>
    <testcase time="0.00300000000000011" classname="trial_sequence" name="trial_sequence_creates_an_object_for_as_treated"/>
    <testcase time="0.00799999999999557" classname="trial_sequence" name="trial_sequence_errors_for_unknown_class"/>
    <testcase time="0.00799999999999557" classname="trial_sequence" name="trial_sequence_errors_for_unknown_class"/>
    <testcase time="0.0120000000000005" classname="trial_sequence" name="trial_sequence_works_for_a_new_class"/>
    <testcase time="0.00300000000000011" classname="trial_sequence" name="trial_sequence_works_for_a_new_class"/>
    <testcase time="0.0130000000000052" classname="trial_sequence" name="show_works_for_trial_sequence_PP_with_nothing_set">
      <skipped message="Reason: On CRAN ('test-trial_sequence.R:41:3')"/>
    </testcase>
    <testcase time="0.0219999999999914" classname="trial_sequence" name="show_works_for_trial_sequence_ITT_with_nothing_set">
      <skipped message="Reason: On CRAN ('test-trial_sequence.R:45:3')"/>
    </testcase>
    <testcase time="0.0220000000000056" classname="trial_sequence" name="show_works_for_trial_sequence_AT_with_nothing_set">
      <skipped message="Reason: On CRAN ('test-trial_sequence.R:49:3')"/>
    </testcase>
    <testcase time="0.171999999999997" classname="trial_sequence" name="show_works_for_trial_sequence_PP_with_data_and_outcome_model_set">
      <skipped message="Reason: On CRAN ('test-trial_sequence.R:56:3')"/>
    </testcase>
    <testcase time="0.591999999999999" classname="trial_sequence" name="set_data_works_for_trial_sequence_ITT"/>
    <testcase time="0.00200000000000955" classname="trial_sequence" name="set_data_works_for_trial_sequence_ITT"/>
    <testcase time="0.000999999999990564" classname="trial_sequence" name="set_data_works_for_trial_sequence_ITT"/>
    <testcase time="0.613" classname="trial_sequence" name="set_data_works_for_trial_sequence_PP"/>
    <testcase time="0.00100000000000477" classname="trial_sequence" name="set_data_works_for_trial_sequence_PP"/>
    <testcase time="0.00199999999999534" classname="trial_sequence" name="set_data_works_for_trial_sequence_PP"/>
    <testcase time="0.611000000000004" classname="trial_sequence" name="set_data_works_for_trial_sequence_AT"/>
    <testcase time="0.00199999999999534" classname="trial_sequence" name="set_data_works_for_trial_sequence_AT"/>
    <testcase time="0.00100000000000477" classname="trial_sequence" name="set_data_works_for_trial_sequence_AT"/>
    <testcase time="0.0100000000000051" classname="trial_sequence" name="set_data_errors_if_reserved_colnames_are_used"/>
    <testcase time="0.00999999999999091" classname="trial_sequence" name="set_data_errors_if_column_not_found"/>
    <testcase time="0.00900000000000034" classname="trial_sequence" name="set_data_errors_if_columns_used_twice"/>
    <testcase time="0.0360000000000014" classname="trial_sequence" name="ipw_data_works_as_expected"/>
    <testcase time="0.00499999999999545" classname="trial_sequence" name="ipw_data_works_as_expected"/>
    <testcase time="0.00900000000000034" classname="trial_sequence" name="set_switch_weight_model_fails_for_ITT"/>
    <testcase time="0.121000000000009" classname="trial_sequence" name="set_switch_weight_model_works_for_PP"/>
    <testcase time="0.00199999999999534" classname="trial_sequence" name="set_switch_weight_model_works_for_PP"/>
    <testcase time="0.00300000000000011" classname="trial_sequence" name="set_switch_weight_model_works_for_PP"/>
    <testcase time="0.00300000000000011" classname="trial_sequence" name="set_switch_weight_model_works_for_PP"/>
    <testcase time="0.0319999999999965" classname="trial_sequence" name="set_switch_weight_model_works_for_PP"/>
    <testcase time="0.00200000000000955" classname="trial_sequence" name="set_switch_weight_model_works_for_PP"/>
    <testcase time="0.125" classname="trial_sequence" name="time_on_sequence_doesn_t_get_included_in_numerator"/>
    <testcase time="0.11999999999999" classname="trial_sequence" name="set_censor_weight_model_works_for_ITT"/>
    <testcase time="0.00200000000000955" classname="trial_sequence" name="set_censor_weight_model_works_for_ITT"/>
    <testcase time="0.00300000000000011" classname="trial_sequence" name="set_censor_weight_model_works_for_ITT"/>
    <testcase time="0.00300000000000011" classname="trial_sequence" name="set_censor_weight_model_works_for_ITT"/>
    <testcase time="0.00399999999999068" classname="trial_sequence" name="set_censor_weight_model_works_for_ITT"/>
    <testcase time="0.00100000000000477" classname="trial_sequence" name="set_censor_weight_model_works_for_ITT"/>
    <testcase time="0.150999999999996" classname="trial_sequence" name="set_censor_weight_model_works_for_PP"/>
    <testcase time="0.00100000000000477" classname="trial_sequence" name="set_censor_weight_model_works_for_PP"/>
    <testcase time="0.00400000000000489" classname="trial_sequence" name="set_censor_weight_model_works_for_PP"/>
    <testcase time="0.00300000000000011" classname="trial_sequence" name="set_censor_weight_model_works_for_PP"/>
    <testcase time="0.00300000000000011" classname="trial_sequence" name="set_censor_weight_model_works_for_PP"/>
    <testcase time="0.00199999999999534" classname="trial_sequence" name="set_censor_weight_model_works_for_PP"/>
    <testcase time="0.126000000000005" classname="trial_sequence" name="time_on_sequence_doesn_t_get_included_in_numerator"/>
    <testcase time="0.144999999999996" classname="trial_sequence" name="calculate_weights_works_for_ITT_with_censor_weights"/>
    <testcase time="0.00199999999999534" classname="trial_sequence" name="calculate_weights_works_for_ITT_with_censor_weights"/>
    <testcase time="0.00400000000000489" classname="trial_sequence" name="calculate_weights_works_for_ITT_with_censor_weights"/>
    <testcase time="0.0309999999999917" classname="trial_sequence" name="calculate_weights_works_for_ITT_with_censor_weights"/>
    <testcase time="0.00500000000000966" classname="trial_sequence" name="calculate_weights_works_for_ITT_with_censor_weights"/>
    <testcase time="0.00199999999999534" classname="trial_sequence" name="calculate_weights_works_for_ITT_with_censor_weights"/>
    <testcase time="0.00400000000000489" classname="trial_sequence" name="calculate_weights_works_for_ITT_with_censor_weights"/>
    <testcase time="0.00399999999999068" classname="trial_sequence" name="calculate_weights_works_for_ITT_with_censor_weights"/>
    <testcase time="0.158000000000001" classname="trial_sequence" name="calculate_weights_works_for_PP_with_switch_weights"/>
    <testcase time="0.00100000000000477" classname="trial_sequence" name="calculate_weights_works_for_PP_with_switch_weights"/>
    <testcase time="0.00400000000000489" classname="trial_sequence" name="calculate_weights_works_for_PP_with_switch_weights"/>
    <testcase time="0.00300000000000011" classname="trial_sequence" name="calculate_weights_works_for_PP_with_switch_weights"/>
    <testcase time="0.00199999999999534" classname="trial_sequence" name="calculate_weights_works_for_PP_with_switch_weights"/>
    <testcase time="0.00100000000000477" classname="trial_sequence" name="calculate_weights_works_for_PP_with_switch_weights"/>
    <testcase time="0.00499999999999545" classname="trial_sequence" name="calculate_weights_works_for_PP_with_switch_weights"/>
    <testcase time="0.00100000000000477" classname="trial_sequence" name="calculate_weights_works_for_PP_with_switch_weights"/>
    <testcase time="0.00399999999999068" classname="trial_sequence" name="calculate_weights_works_for_PP_with_switch_weights"/>
    <testcase time="0.00200000000000955" classname="trial_sequence" name="calculate_weights_works_for_PP_with_switch_weights"/>
    <testcase time="0.00399999999999068" classname="trial_sequence" name="calculate_weights_works_for_PP_with_switch_weights"/>
    <testcase time="0.00100000000000477" classname="trial_sequence" name="calculate_weights_works_for_PP_with_switch_weights"/>
    <testcase time="0.00399999999999068" classname="trial_sequence" name="calculate_weights_works_for_PP_with_switch_weights"/>
    <testcase time="0.00100000000000477" classname="trial_sequence" name="calculate_weights_works_for_PP_with_switch_weights"/>
    <testcase time="0.397999999999996" classname="trial_sequence" name="calculate_weights_works_for_PP_with_switch_weights"/>
    <testcase time="0.124000000000009" classname="trial_sequence" name="set_outcome_model_works_for_PP_with_defaults"/>
    <testcase time="0.000999999999990564" classname="trial_sequence" name="set_outcome_model_works_for_PP_with_defaults"/>
    <testcase time="0.00200000000000955" classname="trial_sequence" name="set_outcome_model_works_for_PP_with_defaults"/>
    <testcase time="0.00399999999999068" classname="trial_sequence" name="set_outcome_model_works_for_PP_with_defaults"/>
    <testcase time="0.00100000000000477" classname="trial_sequence" name="set_outcome_model_works_for_PP_with_defaults"/>
    <testcase time="0.147000000000006" classname="trial_sequence" name="set_outcome_model_works_for_ITT"/>
    <testcase time="0.00199999999999534" classname="trial_sequence" name="set_outcome_model_works_for_ITT"/>
    <testcase time="0.00199999999999534" classname="trial_sequence" name="set_outcome_model_works_for_ITT"/>
    <testcase time="0.00300000000000011" classname="trial_sequence" name="set_outcome_model_works_for_ITT"/>
    <testcase time="0.00200000000000955" classname="trial_sequence" name="set_outcome_model_works_for_ITT"/>
    <testcase time="0.120999999999995" classname="trial_sequence" name="set_outcome_model_works_for_ATT"/>
    <testcase time="0.00100000000000477" classname="trial_sequence" name="set_outcome_model_works_for_ATT"/>
    <testcase time="0.00199999999999534" classname="trial_sequence" name="set_outcome_model_works_for_ATT"/>
    <testcase time="0.00400000000000489" classname="trial_sequence" name="set_outcome_model_works_for_ATT"/>
    <testcase time="0.000999999999990564" classname="trial_sequence" name="set_outcome_model_works_for_ATT"/>
    <testcase time="0.0100000000000051" classname="trial_sequence" name="set_outcome_model_doesn_t_work_if_data_isn_t_set"/>
    <testcase time="0.150999999999996" classname="trial_sequence" name="set_outcome_model_doesn_t_work_if_with_unknown_variables"/>
    <testcase time="0.124000000000009" classname="trial_sequence" name="set_outcome_model_works_with_strings"/>
    <testcase time="0.00300000000000011" classname="trial_sequence" name="set_outcome_model_works_with_strings"/>
    <testcase time="0.125" classname="trial_sequence" name="stabilised_weight_terms_are_included_in_outcome_model"/>
    <testcase time="0.032999999999987" classname="trial_sequence" name="stabilised_weight_terms_are_included_in_outcome_model"/>
    <testcase time="0.00600000000000023" classname="trial_sequence" name="stabilised_weight_terms_are_included_in_outcome_model"/>
    <testcase time="0.12700000000001" classname="trial_sequence" name="interaction_terms_work_as_expected"/>
    <testcase time="0.00300000000000011" classname="trial_sequence" name="interaction_terms_work_as_expected"/>
    <testcase time="0.00399999999999068" classname="trial_sequence" name="interaction_terms_work_as_expected"/>
    <testcase time="0.00300000000000011" classname="trial_sequence" name="interaction_terms_work_as_expected"/>
    <testcase time="1.974" classname="trial_sequence" name="weights_are_1_when_not_calculated_by_calculate_weights"/>
    <testcase time="0.00399999999999068" classname="trial_sequence" name="weights_are_1_when_not_calculated_by_calculate_weights"/>
    <testcase time="0.00900000000000034" classname="trial_sequence" name="outcome_data_accessor_setter_works"/>
    <testcase time="0.00300000000000011" classname="trial_sequence" name="outcome_data_accessor_setter_works"/>
    <testcase time="0.00400000000000489" classname="trial_sequence" name="outcome_data_accessor_setter_works"/>
    <testcase time="0.00100000000000477" classname="trial_sequence" name="outcome_data_accessor_setter_works"/>
    <testcase time="0.00300000000000011" classname="trial_sequence" name="outcome_data_accessor_setter_works"/>
    <testcase time="0.185999999999993" classname="trial_sequence" name="load_expanded_data_works_with_trial_sequence_objects_containing_te_datastore_datatable_objects"/>
    <testcase time="0.0880000000000081" classname="trial_sequence" name="load_expanded_data_works_with_trial_sequence_objects_containing_te_datastore_datatable_objects"/>
    <testcase time="0.153999999999996" classname="trial_sequence" name="load_expanded_data_works_with_trial_sequence_objects_containing_te_datastore_datatable_objects"/>
    <testcase time="0.0549999999999926" classname="trial_sequence" name="load_expanded_data_works_with_trial_sequence_objects_containing_te_datastore_datatable_objects"/>
    <testcase time="0.054000000000002" classname="trial_sequence" name="load_expanded_data_works_with_trial_sequence_objects_containing_te_datastore_datatable_objects"/>
    <testcase time="0.00400000000000489" classname="trial_sequence" name="load_expanded_data_works_with_trial_sequence_objects_containing_te_datastore_datatable_objects"/>
    <testcase time="0.00400000000000489" classname="trial_sequence" name="load_expanded_data_works_with_trial_sequence_objects_containing_te_datastore_datatable_objects"/>
    <testcase time="0.00300000000000011" classname="trial_sequence" name="load_expanded_data_works_with_trial_sequence_objects_containing_te_datastore_datatable_objects"/>
    <testcase time="0.00399999999999068" classname="trial_sequence" name="load_expanded_data_works_with_trial_sequence_objects_containing_te_datastore_datatable_objects"/>
    <testcase time="0.00300000000000011" classname="trial_sequence" name="load_expanded_data_works_with_trial_sequence_objects_containing_te_datastore_datatable_objects"/>
    <testcase time="0.00400000000000489" classname="trial_sequence" name="load_expanded_data_works_with_trial_sequence_objects_containing_te_datastore_datatable_objects"/>
    <testcase time="0.00300000000000011" classname="trial_sequence" name="load_expanded_data_works_with_trial_sequence_objects_containing_te_datastore_datatable_objects"/>
    <testcase time="0.0549999999999926" classname="trial_sequence" name="load_expanded_data_works_with_trial_sequence_objects_containing_te_datastore_datatable_objects"/>
    <testcase time="0.007000000000005" classname="trial_sequence" name="load_expanded_data_works_with_trial_sequence_objects_containing_te_datastore_datatable_objects"/>
    <testcase time="0.00199999999999534" classname="trial_sequence" name="load_expanded_data_works_with_trial_sequence_objects_containing_te_datastore_datatable_objects"/>
    <testcase time="0.00200000000000955" classname="trial_sequence" name="load_expanded_data_works_with_trial_sequence_objects_containing_te_datastore_datatable_objects"/>
    <testcase time="0.00199999999999534" classname="trial_sequence" name="load_expanded_data_works_with_trial_sequence_objects_containing_te_datastore_datatable_objects"/>
  </testsuite>
  <testsuite name="utils" timestamp="2025-06-05T12:35:18Z" hostname="2dd9b542335d" tests="19" skipped="0" failures="0" errors="0" time="0.561">
    <testcase time="0.00900000000000034" classname="utils" name="quiet_print_works_as_expected"/>
    <testcase time="0.00199999999999534" classname="utils" name="quiet_print_works_as_expected"/>
    <testcase time="0.00600000000000023" classname="utils" name="quiet_msg_works_as_expected"/>
    <testcase time="0.00500000000000966" classname="utils" name="quiet_msg_works_as_expected"/>
    <testcase time="0.00499999999999545" classname="utils" name="quiet_line_works_as_expected"/>
    <testcase time="0.00499999999999545" classname="utils" name="quiet_line_works_as_expected"/>
    <testcase time="0.453000000000003" classname="utils" name="quiet_msg_time_works_as_expected"/>
    <testcase time="0.00499999999999545" classname="utils" name="quiet_msg_time_works_as_expected"/>
    <testcase time="0.0150000000000006" classname="utils" name="extract_baseline_works_works_as_expected"/>
    <testcase time="0.007000000000005" classname="utils" name="as_formula_works_with_a_formula_as_string"/>
    <testcase time="0.007000000000005" classname="utils" name="as_formula_works_with_strings"/>
    <testcase time="0.00600000000000023" classname="utils" name="as_formula_works_with_formulas"/>
    <testcase time="0.00799999999999557" classname="utils" name="assert_monotonic_works_as_expected"/>
    <testcase time="0.00499999999999545" classname="utils" name="assert_monotonic_works_as_expected"/>
    <testcase time="0.00500000000000966" classname="utils" name="assert_monotonic_works_as_expected"/>
    <testcase time="0.00499999999999545" classname="utils" name="assert_monotonic_works_as_expected"/>
    <testcase time="0.00300000000000011" classname="utils" name="assert_monotonic_works_as_expected"/>
    <testcase time="0.00300000000000011" classname="utils" name="assert_monotonic_works_as_expected"/>
    <testcase time="0.007000000000005" classname="utils" name="rhs_vars_works_as_expected"/>
  </testsuite>
</testsuites>
