<?xml version="1.0" encoding="UTF-8"?>
<testsuites>
  <testsuite name="data_extension" timestamp="2025-02-28T11:00:29Z" hostname="df1d531b92eb" tests="21" skipped="0" failures="0" errors="0" time="0.636">
    <testcase time="0.016" classname="data_extension" name="check_expand_switch_works_as_expected"/>
    <testcase time="0.0369999999999999" classname="data_extension" name="check_expand_switch_works_as_expected"/>
    <testcase time="0.00800000000000001" classname="data_extension" name="check_expand_switch_works_as_expected"/>
    <testcase time="0.00300000000000011" classname="data_extension" name="check_expand_switch_works_as_expected"/>
    <testcase time="0.0349999999999999" classname="data_extension" name="expand_works_as_expected"/>
    <testcase time="0.0370000000000001" classname="data_extension" name="expand_works_as_expected"/>
    <testcase time="0.081" classname="data_extension" name="data_extensions_works_as_expected_with_first_and_last_periods"/>
    <testcase time="0.00299999999999989" classname="data_extension" name="data_extensions_works_as_expected_with_first_and_last_periods"/>
    <testcase time="0.00300000000000011" classname="data_extension" name="data_extensions_works_as_expected_with_first_and_last_periods"/>
    <testcase time="0.00099999999999989" classname="data_extension" name="data_extensions_works_as_expected_with_first_and_last_periods"/>
    <testcase time="0.004" classname="data_extension" name="data_extensions_works_as_expected_with_first_and_last_periods"/>
    <testcase time="0.00300000000000011" classname="data_extension" name="data_extensions_works_as_expected_with_first_and_last_periods"/>
    <testcase time="0.00099999999999989" classname="data_extension" name="data_extensions_works_as_expected_with_first_and_last_periods"/>
    <testcase time="0.349" classname="data_extension" name="data_extensions_works_as_expected_with_separate_files_TRUE"/>
    <testcase time="0.00100000000000011" classname="data_extension" name="data_extensions_works_as_expected_with_separate_files_TRUE"/>
    <testcase time="0.00099999999999989" classname="data_extension" name="data_extensions_works_as_expected_with_separate_files_TRUE"/>
    <testcase time="0.002" classname="data_extension" name="data_extensions_works_as_expected_with_separate_files_TRUE"/>
    <testcase time="0.00600000000000001" classname="data_extension" name="data_extensions_works_as_expected_with_separate_files_TRUE"/>
    <testcase time="0.00300000000000011" classname="data_extension" name="data_extensions_works_as_expected_with_separate_files_TRUE"/>
    <testcase time="0.002" classname="data_extension" name="data_extensions_works_as_expected_with_separate_files_TRUE"/>
    <testcase time="0.04" classname="data_extension" name="data_extensions_works_as_expected_with_separate_files_TRUE"/>
  </testsuite>
  <testsuite name="data_manipulation" timestamp="2025-02-28T11:00:30Z" hostname="df1d531b92eb" tests="12" skipped="0" failures="0" errors="0" time="1.236">
    <testcase time="0.587" classname="data_manipulation" name="data_manipulation_works_as_expected_with_no_censoring"/>
    <testcase time="0.00100000000000033" classname="data_manipulation" name="data_manipulation_works_as_expected_with_no_censoring"/>
    <testcase time="0.004" classname="data_manipulation" name="data_manipulation_works_as_expected_with_no_censoring"/>
    <testcase time="0.548" classname="data_manipulation" name="data_manipulation_works_as_expected_with_censoring"/>
    <testcase time="0.00199999999999978" classname="data_manipulation" name="data_manipulation_works_as_expected_with_censoring"/>
    <testcase time="0.00300000000000011" classname="data_manipulation" name="data_manipulation_works_as_expected_with_censoring"/>
    <testcase time="0.0449999999999999" classname="data_manipulation" name="data_manipulation_works_as_expected_with_observations_before_eligibilitiy"/>
    <testcase time="0.00099999999999989" classname="data_manipulation" name="data_manipulation_works_as_expected_with_observations_before_eligibilitiy"/>
    <testcase time="0.004" classname="data_manipulation" name="data_manipulation_works_as_expected_with_observations_before_eligibilitiy"/>
    <testcase time="0.036" classname="data_manipulation" name="data_manipulation_works_as_expected_with_observations_after_outcome"/>
    <testcase time="0.00099999999999989" classname="data_manipulation" name="data_manipulation_works_as_expected_with_observations_after_outcome"/>
    <testcase time="0.004" classname="data_manipulation" name="data_manipulation_works_as_expected_with_observations_after_outcome"/>
  </testsuite>
  <testsuite name="data_preparation" timestamp="2025-02-28T11:00:31Z" hostname="df1d531b92eb" tests="24" skipped="0" failures="0" errors="0" time="12.922">
    <testcase time="3.868" classname="data_preparation" name="data_preparation_works_as_expected"/>
    <testcase time="0.00200000000000067" classname="data_preparation" name="data_preparation_works_as_expected"/>
    <testcase time="0.00300000000000011" classname="data_preparation" name="data_preparation_works_as_expected"/>
    <testcase time="0.000999999999999446" classname="data_preparation" name="data_preparation_works_as_expected"/>
    <testcase time="0.24" classname="data_preparation" name="data_preparation_works_as_expected"/>
    <testcase time="1.742" classname="data_preparation" name="data_preparation_can_be_quiet"/>
    <testcase time="0.00999999999999979" classname="data_preparation" name="data_preparation_gives_an_error_for_existing_trial_files"/>
    <testcase time="0.0080000000000009" classname="data_preparation" name="check_data_dir_gives_a_warning_for_existing_model_files"/>
    <testcase time="1.066" classname="data_preparation" name="data_preparation_has_correct_values_for_treatment_"/>
    <testcase time="0.00300000000000011" classname="data_preparation" name="data_preparation_has_correct_values_for_treatment_"/>
    <testcase time="2.156" classname="data_preparation" name="data_preparation_works_with_PP_estimand_type"/>
    <testcase time="0.00300000000000011" classname="data_preparation" name="data_preparation_works_with_PP_estimand_type"/>
    <testcase time="0.00300000000000011" classname="data_preparation" name="data_preparation_works_with_PP_estimand_type"/>
    <testcase time="0.000999999999999446" classname="data_preparation" name="data_preparation_works_with_PP_estimand_type"/>
    <testcase time="2.773" classname="data_preparation" name="data_preparation_works_with_As_Treated_estimand_type"/>
    <testcase time="0.00300000000000011" classname="data_preparation" name="data_preparation_works_with_As_Treated_estimand_type"/>
    <testcase time="0.00300000000000011" classname="data_preparation" name="data_preparation_works_with_As_Treated_estimand_type"/>
    <testcase time="0.000999999999999446" classname="data_preparation" name="data_preparation_works_with_As_Treated_estimand_type"/>
    <testcase time="1.018" classname="data_preparation" name="data_preparation_works_with_ITT_and_censor_weights"/>
    <testcase time="0.00400000000000134" classname="data_preparation" name="data_preparation_works_with_ITT_and_censor_weights"/>
    <testcase time="0.00399999999999778" classname="data_preparation" name="data_preparation_works_with_ITT_and_censor_weights"/>
    <testcase time="0.00200000000000244" classname="data_preparation" name="data_preparation_works_with_ITT_and_censor_weights"/>
    <testcase time="0.00399999999999778" classname="data_preparation" name="data_preparation_works_with_ITT_and_censor_weights"/>
    <testcase time="0.00400000000000134" classname="data_preparation" name="data_preparation_works_with_ITT_and_censor_weights"/>
  </testsuite>
  <testsuite name="data_utils" timestamp="2025-02-28T11:00:44Z" hostname="df1d531b92eb" tests="17" skipped="3" failures="0" errors="0" time="1.037">
    <testcase time="0.0109999999999992" classname="data_utils" name="weight_func_works_as_expected"/>
    <testcase time="0.199000000000002" classname="data_utils" name="weight_func_works_as_expected">
      <skipped message="Reason: On CRAN ('test-data_utils.R:6:3')"/>
    </testcase>
    <testcase time="0.0389999999999979" classname="data_utils" name="weight_func_works_saves_model_objects"/>
    <testcase time="0.467000000000002" classname="data_utils" name="weight_func_works_saves_model_objects"/>
    <testcase time="0.00999999999999801" classname="data_utils" name="weight_func_works_saves_model_objects"/>
    <testcase time="0.00400000000000134" classname="data_utils" name="weight_func_works_saves_model_objects"/>
    <testcase time="0.000999999999997669" classname="data_utils" name="weight_func_works_saves_model_objects"/>
    <testcase time="0.00800000000000267" classname="data_utils" name="weight_func_works_saves_model_objects"/>
    <testcase time="0.00399999999999778" classname="data_utils" name="weight_func_works_saves_model_objects"/>
    <testcase time="0.00100000000000122" classname="data_utils" name="weight_func_works_saves_model_objects"/>
    <testcase time="0.097999999999999" classname="data_utils" name="weight_func_works_with_user_specified_time_on_regime">
      <skipped message="Reason: On CRAN ('test-data_utils.R:111:3')"/>
    </testcase>
    <testcase time="0.141999999999999" classname="data_utils" name="weight_func_works_with_pool_cense_TRUE">
      <skipped message="Reason: On CRAN ('test-data_utils.R:131:3')"/>
    </testcase>
    <testcase time="0.0229999999999997" classname="data_utils" name="select_data_cols_works_as_expected"/>
    <testcase time="0.00900000000000034" classname="data_utils" name="select_data_cols_works_as_expected_with_non_default_names"/>
    <testcase time="0.00200000000000244" classname="data_utils" name="select_data_cols_works_as_expected_with_non_default_names"/>
    <testcase time="0.00999999999999801" classname="data_utils" name="user_can_select_period_in_select_data_cols"/>
    <testcase time="0.00900000000000034" classname="data_utils" name="select_data_cols_allows_derived_variables_in_formula_vars"/>
  </testsuite>
  <testsuite name="generics" timestamp="2025-02-28T11:00:45Z" hostname="df1d531b92eb" tests="4" skipped="3" failures="0" errors="0" time="2.874">
    <testcase time="0.718" classname="generics" name="summary_for_data_preparation_separate_TRUE">
      <skipped message="Reason: On CRAN ('test-generics.R:25:3')"/>
    </testcase>
    <testcase time="1.029" classname="generics" name="summary_for_data_preparation_separate_FALSE">
      <skipped message="Reason: On CRAN ('test-generics.R:66:3')"/>
    </testcase>
    <testcase time="1.114" classname="generics" name="summary_for_initiators"/>
    <testcase time="0.0129999999999981" classname="generics" name="summary_for_initiators">
      <skipped message="Reason: On CRAN ('test-generics.R:95:3')"/>
    </testcase>
  </testsuite>
  <testsuite name="lr_utils" timestamp="2025-02-28T11:00:48Z" hostname="df1d531b92eb" tests="12" skipped="0" failures="0" errors="0" time="0.091">
    <testcase time="0.0380000000000003" classname="lr_utils" name="fit_glm_works"/>
    <testcase time="0.00100000000000122" classname="lr_utils" name="fit_glm_works"/>
    <testcase time="0.0150000000000006" classname="lr_utils" name="fit_glm_works_with_parglm_and_defaults"/>
    <testcase time="0.00199999999999889" classname="lr_utils" name="fit_glm_works_with_parglm_and_defaults"/>
    <testcase time="0.00300000000000011" classname="lr_utils" name="fit_glm_works_with_parglm_and_defaults"/>
    <testcase time="0.00400000000000134" classname="lr_utils" name="fit_glm_works_with_parglm_and_defaults"/>
    <testcase time="0.0069999999999979" classname="lr_utils" name="fit_glm_works_with_parglm"/>
    <testcase time="0.00300000000000011" classname="lr_utils" name="fit_glm_works_with_parglm"/>
    <testcase time="0.00300000000000011" classname="lr_utils" name="fit_glm_works_with_parglm"/>
    <testcase time="0.00300000000000011" classname="lr_utils" name="fit_glm_works_with_parglm"/>
    <testcase time="0.00600000000000023" classname="lr_utils" name="p99_weight_works_as_expected"/>
    <testcase time="0.00600000000000023" classname="lr_utils" name="limit_weight_works_as_expected"/>
  </testsuite>
  <testsuite name="modelling" timestamp="2025-02-28T11:00:48Z" hostname="df1d531b92eb" tests="26" skipped="10" failures="0" errors="0" time="13.518">
    <testcase time="0.239000000000001" classname="modelling" name="trial_msm_can_be_quiet"/>
    <testcase time="3.938" classname="modelling" name="trial_msm_gives_expected_results_in_example_data"/>
    <testcase time="0.00400000000000134" classname="modelling" name="trial_msm_gives_expected_results_in_example_data"/>
    <testcase time="0.00199999999999889" classname="modelling" name="trial_msm_gives_expected_results_in_example_data"/>
    <testcase time="0.00400000000000134" classname="modelling" name="trial_msm_gives_expected_results_in_example_data"/>
    <testcase time="0.00100000000000122" classname="modelling" name="trial_msm_gives_expected_results_in_example_data"/>
    <testcase time="2.725" classname="modelling" name="trial_msm_works_with_data.tables_and_weights"/>
    <testcase time="5.91" classname="modelling" name="trial_msm_works_with_data.tables_and_weights"/>
    <testcase time="0.00399999999999778" classname="modelling" name="trial_msm_works_with_data.tables_and_weights"/>
    <testcase time="0.00399999999999778" classname="modelling" name="Modelling_works_with_where_case">
      <skipped message="Reason: On CRAN ('test-modelling.R:99:3')"/>
    </testcase>
    <testcase time="0.0140000000000029" classname="modelling" name="trial_msm_works_with_analysis_weights_unweighted">
      <skipped message="Reason: On CRAN ('test-modelling.R:154:3')"/>
    </testcase>
    <testcase time="0.0120000000000005" classname="modelling" name="trial_msm_works_with_analysis_weights_p99">
      <skipped message="Reason: On CRAN ('test-modelling.R:175:3')"/>
    </testcase>
    <testcase time="0.0129999999999981" classname="modelling" name="trial_msm_works_with_analysis_weights_weight_limits">
      <skipped message="Reason: On CRAN ('test-modelling.R:205:3')"/>
    </testcase>
    <testcase time="0.0120000000000005" classname="modelling" name="trial_msm_works_with_missing_sample_weights">
      <skipped message="Reason: On CRAN ('test-modelling.R:229:3')"/>
    </testcase>
    <testcase time="0.0129999999999981" classname="modelling" name="trial_msm_works_with_sample_weights">
      <skipped message="Reason: On CRAN ('test-modelling.R:266:3')"/>
    </testcase>
    <testcase time="0.0120000000000005" classname="modelling" name="trial_msm_makes_model_formula_as_expected_with_weight_and_censor">
      <skipped message="Reason: On CRAN ('test-modelling.R:290:3')"/>
    </testcase>
    <testcase time="0.0120000000000005" classname="modelling" name="trial_msm_makes_model_formula_as_expected_with_estimand_As_Treated">
      <skipped message="Reason: On CRAN ('test-modelling.R:314:3')"/>
    </testcase>
    <testcase time="0.0129999999999981" classname="modelling" name="trial_msm_makes_model_formula_as_expected_with_estimand_type_ITT_and_unweighted">
      <skipped message="Reason: On CRAN ('test-modelling.R:357:3')"/>
    </testcase>
    <testcase time="0.238" classname="modelling" name="fit_msm_works"/>
    <testcase time="0.00100000000000477" classname="modelling" name="fit_msm_works"/>
    <testcase time="0.00499999999999545" classname="modelling" name="fit_msm_works"/>
    <testcase time="0.00100000000000477" classname="modelling" name="fit_msm_works"/>
    <testcase time="0.0219999999999985" classname="modelling" name="fit_msm_works">
      <skipped message="Reason: On CRAN ('test-modelling.R:431:3')"/>
    </testcase>
    <testcase time="0.280999999999999" classname="modelling" name="fit_msm_works_with_weight_functions"/>
    <testcase time="0.00399999999999778" classname="modelling" name="fit_msm_works_with_weight_functions"/>
    <testcase time="0.034000000000006" classname="modelling" name="fit_msm_works_with_weight_functions"/>
  </testsuite>
  <testsuite name="predict" timestamp="2025-02-28T11:01:02Z" hostname="df1d531b92eb" tests="14" skipped="4" failures="0" errors="0" time="45.488">
    <testcase time="18.374" classname="predict" name="predict.TE_msm_works_as_expected"/>
    <testcase time="0.0360000000000014" classname="predict" name="predict.TE_msm_works_as_expected">
      <skipped message="Reason: On CRAN ('test-predict.R:26:3')"/>
    </testcase>
    <testcase time="9.376" classname="predict" name="predict.TE_msm_works_with_newdata">
      <skipped message="Reason: On CRAN ('test-predict.R:51:3')"/>
    </testcase>
    <testcase time="0.0150000000000006" classname="predict" name="calculate_cum_inc_works_as_expected"/>
    <testcase time="0.00600000000000023" classname="predict" name="calculate_survival_works_as_expected"/>
    <testcase time="0.0320000000000036" classname="predict" name="predict.TE_msm_works_with_interactions"/>
    <testcase time="0.000999999999997669" classname="predict" name="predict.TE_msm_works_with_interactions"/>
    <testcase time="0.0399999999999991" classname="predict" name="predict.TE_msm_works_with_interactions">
      <skipped message="Reason: On CRAN ('test-predict.R:108:3')"/>
    </testcase>
    <testcase time="0.0640000000000001" classname="predict" name="predict.TE_msm_warns_for_As_Treated"/>
    <testcase time="0.00100000000000477" classname="predict" name="predict.TE_msm_warns_for_As_Treated"/>
    <testcase time="0.0209999999999937" classname="predict" name="predict.TE_msm_warns_for_As_Treated"/>
    <testcase time="17.439" classname="predict" name="predict.TE_msm_gives_the_same_results_as_new_predict"/>
    <testcase time="0.0600000000000023" classname="predict" name="predict.TE_msm_gives_the_same_results_as_new_predict"/>
    <testcase time="0.0229999999999961" classname="predict" name="predict.TE_msm_gives_the_same_results_as_new_predict">
      <skipped message="Reason: On CRAN ('test-predict.R:171:3')"/>
    </testcase>
  </testsuite>
  <testsuite name="robust" timestamp="2025-02-28T11:01:47Z" hostname="df1d531b92eb" tests="3" skipped="0" failures="0" errors="0" time="1.479">
    <testcase time="1.46600000000001" classname="robust" name="robust_calculation_works_as_expected"/>
    <testcase time="0.00900000000000034" classname="robust" name="robust_calculation_works_as_expected"/>
    <testcase time="0.00399999999999068" classname="robust" name="robust_calculation_works_as_expected"/>
  </testsuite>
  <testsuite name="sampling" timestamp="2025-02-28T11:01:49Z" hostname="df1d531b92eb" tests="37" skipped="7" failures="0" errors="0" time="6.922">
    <testcase time="0.100999999999999" classname="sampling" name="do_sampling_works_as_expected_when_case_exist">
      <skipped message="Reason: On CRAN ('test-sampling.R:5:3')"/>
    </testcase>
    <testcase time="0.085000000000008" classname="sampling" name="do_sampling_works_as_expected_when_no_cases_exist">
      <skipped message="Reason: On CRAN ('test-sampling.R:15:3')"/>
    </testcase>
    <testcase time="0.063999999999993" classname="sampling" name="sample_from_period_works_as_expected"/>
    <testcase time="0.00300000000000011" classname="sampling" name="sample_from_period_works_as_expected"/>
    <testcase time="0.00500000000000966" classname="sampling" name="sample_from_period_works_as_expected"/>
    <testcase time="0.00199999999999534" classname="sampling" name="sample_from_period_works_as_expected"/>
    <testcase time="0.00600000000000023" classname="sampling" name="sample_from_period_works_as_expected">
      <skipped message="Reason: On CRAN ('test-sampling.R:34:3')"/>
    </testcase>
    <testcase time="0.0810000000000031" classname="sampling" name="sample_from_period_works_as_expected_with_multiple_proportions"/>
    <testcase time="0.00300000000000011" classname="sampling" name="sample_from_period_works_as_expected_with_multiple_proportions"/>
    <testcase time="0.00200000000000955" classname="sampling" name="sample_from_period_works_as_expected_with_multiple_proportions"/>
    <testcase time="0.00199999999999534" classname="sampling" name="sample_from_period_works_as_expected_with_multiple_proportions"/>
    <testcase time="0.00799999999999557" classname="sampling" name="sample_from_period_works_as_expected_with_multiple_proportions">
      <skipped message="Reason: On CRAN ('test-sampling.R:54:3')"/>
    </testcase>
    <testcase time="1.28700000000001" classname="sampling" name="case_control_sampling_trials_works_with_separate_files_TRUE"/>
    <testcase time="0.00799999999999557" classname="sampling" name="case_control_sampling_trials_works_with_separate_files_TRUE">
      <skipped message="Reason: On CRAN ('test-sampling.R:86:3')"/>
    </testcase>
    <testcase time="1.256" classname="sampling" name="case_control_sampling_trials_works_with_separate_files_FALSE"/>
    <testcase time="0.007000000000005" classname="sampling" name="case_control_sampling_trials_works_with_separate_files_FALSE">
      <skipped message="Reason: On CRAN ('test-sampling.R:103:3')"/>
    </testcase>
    <testcase time="1.866" classname="sampling" name="case_control_sampling_trials_works_with_separate_files_TRUE_is_reproducible"/>
    <testcase time="0.533000000000001" classname="sampling" name="case_control_sampling_trials_works_with_subsetting"/>
    <testcase time="0.00799999999999557" classname="sampling" name="case_control_sampling_trials_gives_errors_for_arguments"/>
    <testcase time="0.00600000000000023" classname="sampling" name="case_control_sampling_trials_gives_errors_for_arguments"/>
    <testcase time="1.01000000000001" classname="sampling" name="case_control_sampling_trials_works_with_multiple_p_control"/>
    <testcase time="0.00100000000000477" classname="sampling" name="case_control_sampling_trials_works_with_multiple_p_control"/>
    <testcase time="0.00199999999999534" classname="sampling" name="case_control_sampling_trials_works_with_multiple_p_control"/>
    <testcase time="0.00399999999999068" classname="sampling" name="case_control_sampling_trials_works_with_sort_TRUE">
      <skipped message="Reason: On CRAN ('test-sampling.R:180:3')"/>
    </testcase>
    <testcase time="0.0170000000000101" classname="sampling" name="sample_controls_works_with_trial_sequence_objects_containing_te_datastore_datatable_objects"/>
    <testcase time="0.238" classname="sampling" name="sample_controls_works_with_trial_sequence_objects_containing_te_datastore_datatable_objects"/>
    <testcase time="0.149999999999991" classname="sampling" name="sample_controls_works_with_trial_sequence_objects_containing_te_datastore_datatable_objects"/>
    <testcase time="0.0770000000000124" classname="sampling" name="sample_controls_works_with_trial_sequence_objects_containing_te_datastore_datatable_objects"/>
    <testcase time="0.0519999999999925" classname="sampling" name="sample_controls_works_with_trial_sequence_objects_containing_te_datastore_datatable_objects"/>
    <testcase time="0.00300000000000011" classname="sampling" name="sample_controls_works_with_trial_sequence_objects_containing_te_datastore_datatable_objects"/>
    <testcase time="0.00300000000000011" classname="sampling" name="sample_controls_works_with_trial_sequence_objects_containing_te_datastore_datatable_objects"/>
    <testcase time="0.00300000000000011" classname="sampling" name="sample_controls_works_with_trial_sequence_objects_containing_te_datastore_datatable_objects"/>
    <testcase time="0.00199999999999534" classname="sampling" name="sample_controls_works_with_trial_sequence_objects_containing_te_datastore_datatable_objects"/>
    <testcase time="0.0240000000000009" classname="sampling" name="sample_controls_works_with_trial_sequence_objects_containing_te_datastore_datatable_objects"/>
    <testcase time="0.00100000000000477" classname="sampling" name="sample_controls_works_with_trial_sequence_objects_containing_te_datastore_datatable_objects"/>
    <testcase time="0.000999999999990564" classname="sampling" name="sample_controls_works_with_trial_sequence_objects_containing_te_datastore_datatable_objects"/>
    <testcase time="0.00100000000000477" classname="sampling" name="sample_controls_works_with_trial_sequence_objects_containing_te_datastore_datatable_objects"/>
  </testsuite>
  <testsuite name="te_data" timestamp="2025-02-28T11:01:55Z" hostname="df1d531b92eb" tests="10" skipped="0" failures="0" errors="0" time="0.043">
    <testcase time="0.00900000000000034" classname="te_data" name="te_outcome_data_constructor_works"/>
    <testcase time="0.00300000000000011" classname="te_data" name="te_outcome_data_constructor_works"/>
    <testcase time="0.00199999999999534" classname="te_data" name="te_outcome_data_constructor_works"/>
    <testcase time="0.00400000000000489" classname="te_data" name="te_outcome_data_constructor_works"/>
    <testcase time="0.00100000000000477" classname="te_data" name="te_outcome_data_constructor_works"/>
    <testcase time="0.00199999999999534" classname="te_data" name="te_outcome_data_constructor_works"/>
    <testcase time="0.00300000000000011" classname="te_data" name="te_outcome_data_constructor_works"/>
    <testcase time="0.00900000000000034" classname="te_data" name="te_outcome_data_constructor_fails_on_bad_input"/>
    <testcase time="0.00499999999999545" classname="te_data" name="te_outcome_data_constructor_fails_on_bad_input"/>
    <testcase time="0.00500000000000966" classname="te_data" name="te_outcome_data_constructor_fails_on_bad_input"/>
  </testsuite>
  <testsuite name="te_datastore" timestamp="2025-02-28T11:01:56Z" hostname="df1d531b92eb" tests="7" skipped="0" failures="0" errors="0" time="0.163">
    <testcase time="0.139999999999986" classname="te_datastore" name="read_expanded_data_can_read_te_datastore_datatable_data"/>
    <testcase time="0.00300000000000011" classname="te_datastore" name="read_expanded_data_can_read_te_datastore_datatable_data"/>
    <testcase time="0.00500000000000966" classname="te_datastore" name="read_expanded_data_can_read_te_datastore_datatable_data"/>
    <testcase time="0.00399999999999068" classname="te_datastore" name="read_expanded_data_can_read_te_datastore_datatable_data"/>
    <testcase time="0.00500000000000966" classname="te_datastore" name="read_expanded_data_can_read_te_datastore_datatable_data"/>
    <testcase time="0.00300000000000011" classname="te_datastore" name="read_expanded_data_can_read_te_datastore_datatable_data"/>
    <testcase time="0.00300000000000011" classname="te_datastore" name="read_expanded_data_can_read_te_datastore_datatable_data"/>
  </testsuite>
  <testsuite name="te_datastore_csv" timestamp="2025-02-28T11:01:56Z" hostname="df1d531b92eb" tests="48" skipped="0" failures="0" errors="0" time="1.524">
    <testcase time="0.063999999999993" classname="te_datastore_csv" name="te_datastore_csv_validator_works"/>
    <testcase time="0.00500000000000966" classname="te_datastore_csv" name="te_datastore_csv_validator_works"/>
    <testcase time="0.0919999999999987" classname="te_datastore_csv" name="read_expanded_data_can_read_te_datastore_csv_data"/>
    <testcase time="0.012999999999991" classname="te_datastore_csv" name="read_expanded_data_can_read_te_datastore_csv_data"/>
    <testcase time="0.00400000000000489" classname="te_datastore_csv" name="read_expanded_data_can_read_te_datastore_csv_data"/>
    <testcase time="0.00499999999999545" classname="te_datastore_csv" name="read_expanded_data_can_read_te_datastore_csv_data"/>
    <testcase time="0.00500000000000966" classname="te_datastore_csv" name="read_expanded_data_can_read_te_datastore_csv_data"/>
    <testcase time="0.0529999999999973" classname="te_datastore_csv" name="read_expanded_data_can_read_te_datastore_csv_data"/>
    <testcase time="0.012999999999991" classname="te_datastore_csv" name="read_expanded_data_can_read_te_datastore_csv_data"/>
    <testcase time="0.227000000000004" classname="te_datastore_csv" name="sample_controls_works_with_trial_sequence_objects_containing_te_datastore_csv_objects"/>
    <testcase time="0.192000000000007" classname="te_datastore_csv" name="sample_controls_works_with_trial_sequence_objects_containing_te_datastore_csv_objects"/>
    <testcase time="0.0539999999999878" classname="te_datastore_csv" name="sample_controls_works_with_trial_sequence_objects_containing_te_datastore_csv_objects"/>
    <testcase time="0.0550000000000068" classname="te_datastore_csv" name="sample_controls_works_with_trial_sequence_objects_containing_te_datastore_csv_objects"/>
    <testcase time="0.00300000000000011" classname="te_datastore_csv" name="sample_controls_works_with_trial_sequence_objects_containing_te_datastore_csv_objects"/>
    <testcase time="0.00400000000000489" classname="te_datastore_csv" name="sample_controls_works_with_trial_sequence_objects_containing_te_datastore_csv_objects"/>
    <testcase time="0.00300000000000011" classname="te_datastore_csv" name="sample_controls_works_with_trial_sequence_objects_containing_te_datastore_csv_objects"/>
    <testcase time="0.00300000000000011" classname="te_datastore_csv" name="sample_controls_works_with_trial_sequence_objects_containing_te_datastore_csv_objects"/>
    <testcase time="0.0289999999999964" classname="te_datastore_csv" name="sample_controls_works_with_trial_sequence_objects_containing_te_datastore_csv_objects"/>
    <testcase time="0.00300000000000011" classname="te_datastore_csv" name="sample_controls_works_with_trial_sequence_objects_containing_te_datastore_csv_objects"/>
    <testcase time="0.00199999999999534" classname="te_datastore_csv" name="sample_controls_works_with_trial_sequence_objects_containing_te_datastore_csv_objects"/>
    <testcase time="0.00300000000000011" classname="te_datastore_csv" name="sample_controls_works_with_trial_sequence_objects_containing_te_datastore_csv_objects"/>
    <testcase time="0.0310000000000059" classname="te_datastore_csv" name="sample_controls_works_with_trial_sequence_objects_containing_te_datastore_csv_objects"/>
    <testcase time="0.00300000000000011" classname="te_datastore_csv" name="sample_controls_works_with_trial_sequence_objects_containing_te_datastore_csv_objects"/>
    <testcase time="0.00199999999999534" classname="te_datastore_csv" name="sample_controls_works_with_trial_sequence_objects_containing_te_datastore_csv_objects"/>
    <testcase time="0.00100000000000477" classname="te_datastore_csv" name="sample_controls_works_with_trial_sequence_objects_containing_te_datastore_csv_objects"/>
    <testcase time="0.000999999999990564" classname="te_datastore_csv" name="sample_controls_works_with_trial_sequence_objects_containing_te_datastore_csv_objects"/>
    <testcase time="0.208000000000013" classname="te_datastore_csv" name="load_expanded_data_works_with_trial_sequence_objects_containing_te_datastore_csv_objects"/>
    <testcase time="0.0539999999999878" classname="te_datastore_csv" name="load_expanded_data_works_with_trial_sequence_objects_containing_te_datastore_csv_objects"/>
    <testcase time="0.153000000000006" classname="te_datastore_csv" name="load_expanded_data_works_with_trial_sequence_objects_containing_te_datastore_csv_objects"/>
    <testcase time="0.054000000000002" classname="te_datastore_csv" name="load_expanded_data_works_with_trial_sequence_objects_containing_te_datastore_csv_objects"/>
    <testcase time="0.0539999999999878" classname="te_datastore_csv" name="load_expanded_data_works_with_trial_sequence_objects_containing_te_datastore_csv_objects"/>
    <testcase time="0.00300000000000011" classname="te_datastore_csv" name="load_expanded_data_works_with_trial_sequence_objects_containing_te_datastore_csv_objects"/>
    <testcase time="0.00400000000000489" classname="te_datastore_csv" name="load_expanded_data_works_with_trial_sequence_objects_containing_te_datastore_csv_objects"/>
    <testcase time="0.00300000000000011" classname="te_datastore_csv" name="load_expanded_data_works_with_trial_sequence_objects_containing_te_datastore_csv_objects"/>
    <testcase time="0.0259999999999962" classname="te_datastore_csv" name="load_expanded_data_works_with_trial_sequence_objects_containing_te_datastore_csv_objects"/>
    <testcase time="0.00500000000000966" classname="te_datastore_csv" name="load_expanded_data_works_with_trial_sequence_objects_containing_te_datastore_csv_objects"/>
    <testcase time="0.00300000000000011" classname="te_datastore_csv" name="load_expanded_data_works_with_trial_sequence_objects_containing_te_datastore_csv_objects"/>
    <testcase time="0.00300000000000011" classname="te_datastore_csv" name="load_expanded_data_works_with_trial_sequence_objects_containing_te_datastore_csv_objects"/>
    <testcase time="0.0289999999999964" classname="te_datastore_csv" name="load_expanded_data_works_with_trial_sequence_objects_containing_te_datastore_csv_objects"/>
    <testcase time="0.00300000000000011" classname="te_datastore_csv" name="load_expanded_data_works_with_trial_sequence_objects_containing_te_datastore_csv_objects"/>
    <testcase time="0.00199999999999534" classname="te_datastore_csv" name="load_expanded_data_works_with_trial_sequence_objects_containing_te_datastore_csv_objects"/>
    <testcase time="0.00300000000000011" classname="te_datastore_csv" name="load_expanded_data_works_with_trial_sequence_objects_containing_te_datastore_csv_objects"/>
    <testcase time="0.00900000000000034" classname="te_datastore_csv" name="load_expanded_data_works_with_trial_sequence_objects_containing_te_datastore_csv_objects"/>
    <testcase time="0.0310000000000059" classname="te_datastore_csv" name="load_expanded_data_works_with_trial_sequence_objects_containing_te_datastore_csv_objects"/>
    <testcase time="0.00399999999999068" classname="te_datastore_csv" name="load_expanded_data_works_with_trial_sequence_objects_containing_te_datastore_csv_objects"/>
    <testcase time="0.00100000000000477" classname="te_datastore_csv" name="load_expanded_data_works_with_trial_sequence_objects_containing_te_datastore_csv_objects"/>
    <testcase time="0.00100000000000477" classname="te_datastore_csv" name="load_expanded_data_works_with_trial_sequence_objects_containing_te_datastore_csv_objects"/>
    <testcase time="0.000999999999990564" classname="te_datastore_csv" name="load_expanded_data_works_with_trial_sequence_objects_containing_te_datastore_csv_objects"/>
  </testsuite>
  <testsuite name="te_datastore_duckdb" timestamp="2025-02-28T11:01:57Z" hostname="df1d531b92eb" tests="53" skipped="0" failures="0" errors="0" time="1.025">
    <testcase time="0.0600000000000023" classname="te_datastore_duckdb" name="save_to_duckdb_works_as_expected"/>
    <testcase time="0.00100000000000477" classname="te_datastore_duckdb" name="save_to_duckdb_works_as_expected"/>
    <testcase time="0.00300000000000011" classname="te_datastore_duckdb" name="save_to_duckdb_works_as_expected"/>
    <testcase time="0.00300000000000011" classname="te_datastore_duckdb" name="save_to_duckdb_works_as_expected"/>
    <testcase time="0.236999999999995" classname="te_datastore_duckdb" name="read_expanded_data_can_read_te_datastore_duckdb_data"/>
    <testcase time="0.00400000000000489" classname="te_datastore_duckdb" name="read_expanded_data_can_read_te_datastore_duckdb_data"/>
    <testcase time="0.00499999999999545" classname="te_datastore_duckdb" name="read_expanded_data_can_read_te_datastore_duckdb_data"/>
    <testcase time="0.00500000000000966" classname="te_datastore_duckdb" name="read_expanded_data_can_read_te_datastore_duckdb_data"/>
    <testcase time="0.00499999999999545" classname="te_datastore_duckdb" name="read_expanded_data_can_read_te_datastore_duckdb_data"/>
    <testcase time="0.00399999999999068" classname="te_datastore_duckdb" name="read_expanded_data_can_read_te_datastore_duckdb_data"/>
    <testcase time="0.00300000000000011" classname="te_datastore_duckdb" name="read_expanded_data_can_read_te_datastore_duckdb_data"/>
    <testcase time="0.00400000000000489" classname="te_datastore_duckdb" name="read_expanded_data_can_read_te_datastore_duckdb_data"/>
    <testcase time="0.275999999999996" classname="te_datastore_duckdb" name="sample_controls_works_with_trial_sequence_objects_containing_te_datastore_duckdb_objects"/>
    <testcase time="0.00600000000000023" classname="te_datastore_duckdb" name="sample_controls_works_with_trial_sequence_objects_containing_te_datastore_duckdb_objects"/>
    <testcase time="0.00600000000000023" classname="te_datastore_duckdb" name="sample_controls_works_with_trial_sequence_objects_containing_te_datastore_duckdb_objects"/>
    <testcase time="0.00300000000000011" classname="te_datastore_duckdb" name="sample_controls_works_with_trial_sequence_objects_containing_te_datastore_duckdb_objects"/>
    <testcase time="0.00200000000000955" classname="te_datastore_duckdb" name="sample_controls_works_with_trial_sequence_objects_containing_te_datastore_duckdb_objects"/>
    <testcase time="0.00300000000000011" classname="te_datastore_duckdb" name="sample_controls_works_with_trial_sequence_objects_containing_te_datastore_duckdb_objects"/>
    <testcase time="0.00399999999999068" classname="te_datastore_duckdb" name="sample_controls_works_with_trial_sequence_objects_containing_te_datastore_duckdb_objects"/>
    <testcase time="0.00300000000000011" classname="te_datastore_duckdb" name="sample_controls_works_with_trial_sequence_objects_containing_te_datastore_duckdb_objects"/>
    <testcase time="0.00300000000000011" classname="te_datastore_duckdb" name="sample_controls_works_with_trial_sequence_objects_containing_te_datastore_duckdb_objects"/>
    <testcase time="0.007000000000005" classname="te_datastore_duckdb" name="sample_controls_works_with_trial_sequence_objects_containing_te_datastore_duckdb_objects"/>
    <testcase time="0.00300000000000011" classname="te_datastore_duckdb" name="sample_controls_works_with_trial_sequence_objects_containing_te_datastore_duckdb_objects"/>
    <testcase time="0.00300000000000011" classname="te_datastore_duckdb" name="sample_controls_works_with_trial_sequence_objects_containing_te_datastore_duckdb_objects"/>
    <testcase time="0.00199999999999534" classname="te_datastore_duckdb" name="sample_controls_works_with_trial_sequence_objects_containing_te_datastore_duckdb_objects"/>
    <testcase time="0.00300000000000011" classname="te_datastore_duckdb" name="sample_controls_works_with_trial_sequence_objects_containing_te_datastore_duckdb_objects"/>
    <testcase time="0.00100000000000477" classname="te_datastore_duckdb" name="sample_controls_works_with_trial_sequence_objects_containing_te_datastore_duckdb_objects"/>
    <testcase time="0.00100000000000477" classname="te_datastore_duckdb" name="sample_controls_works_with_trial_sequence_objects_containing_te_datastore_duckdb_objects"/>
    <testcase time="0.000999999999990564" classname="te_datastore_duckdb" name="sample_controls_works_with_trial_sequence_objects_containing_te_datastore_duckdb_objects"/>
    <testcase time="0.253" classname="te_datastore_duckdb" name="load_expanded_data_works_with_trial_sequence_objects_containing_te_datastore_duckdb_objects"/>
    <testcase time="0.00600000000000023" classname="te_datastore_duckdb" name="load_expanded_data_works_with_trial_sequence_objects_containing_te_datastore_duckdb_objects"/>
    <testcase time="0.007000000000005" classname="te_datastore_duckdb" name="load_expanded_data_works_with_trial_sequence_objects_containing_te_datastore_duckdb_objects"/>
    <testcase time="0.00499999999999545" classname="te_datastore_duckdb" name="load_expanded_data_works_with_trial_sequence_objects_containing_te_datastore_duckdb_objects"/>
    <testcase time="0.00300000000000011" classname="te_datastore_duckdb" name="load_expanded_data_works_with_trial_sequence_objects_containing_te_datastore_duckdb_objects"/>
    <testcase time="0.00300000000000011" classname="te_datastore_duckdb" name="load_expanded_data_works_with_trial_sequence_objects_containing_te_datastore_duckdb_objects"/>
    <testcase time="0.00300000000000011" classname="te_datastore_duckdb" name="load_expanded_data_works_with_trial_sequence_objects_containing_te_datastore_duckdb_objects"/>
    <testcase time="0.00200000000000955" classname="te_datastore_duckdb" name="load_expanded_data_works_with_trial_sequence_objects_containing_te_datastore_duckdb_objects"/>
    <testcase time="0.00399999999999068" classname="te_datastore_duckdb" name="load_expanded_data_works_with_trial_sequence_objects_containing_te_datastore_duckdb_objects"/>
    <testcase time="0.00300000000000011" classname="te_datastore_duckdb" name="load_expanded_data_works_with_trial_sequence_objects_containing_te_datastore_duckdb_objects"/>
    <testcase time="0.00300000000000011" classname="te_datastore_duckdb" name="load_expanded_data_works_with_trial_sequence_objects_containing_te_datastore_duckdb_objects"/>
    <testcase time="0.00300000000000011" classname="te_datastore_duckdb" name="load_expanded_data_works_with_trial_sequence_objects_containing_te_datastore_duckdb_objects"/>
    <testcase time="0.00799999999999557" classname="te_datastore_duckdb" name="load_expanded_data_works_with_trial_sequence_objects_containing_te_datastore_duckdb_objects"/>
    <testcase time="0.00300000000000011" classname="te_datastore_duckdb" name="load_expanded_data_works_with_trial_sequence_objects_containing_te_datastore_duckdb_objects"/>
    <testcase time="0.00300000000000011" classname="te_datastore_duckdb" name="load_expanded_data_works_with_trial_sequence_objects_containing_te_datastore_duckdb_objects"/>
    <testcase time="0.00200000000000955" classname="te_datastore_duckdb" name="load_expanded_data_works_with_trial_sequence_objects_containing_te_datastore_duckdb_objects"/>
    <testcase time="0.00300000000000011" classname="te_datastore_duckdb" name="load_expanded_data_works_with_trial_sequence_objects_containing_te_datastore_duckdb_objects"/>
    <testcase time="0.00699999999999079" classname="te_datastore_duckdb" name="load_expanded_data_works_with_trial_sequence_objects_containing_te_datastore_duckdb_objects"/>
    <testcase time="0.00100000000000477" classname="te_datastore_duckdb" name="load_expanded_data_works_with_trial_sequence_objects_containing_te_datastore_duckdb_objects"/>
    <testcase time="0.00100000000000477" classname="te_datastore_duckdb" name="load_expanded_data_works_with_trial_sequence_objects_containing_te_datastore_duckdb_objects"/>
    <testcase time="0.000999999999990564" classname="te_datastore_duckdb" name="load_expanded_data_works_with_trial_sequence_objects_containing_te_datastore_duckdb_objects"/>
    <testcase time="0.0210000000000008" classname="te_datastore_duckdb" name="translate_to_sql_works_as_intended"/>
    <testcase time="0.0180000000000007" classname="te_datastore_duckdb" name="translate_to_sql_catches_the_error_and_provides_a_message"/>
    <testcase time="0.00100000000000477" classname="te_datastore_duckdb" name="translate_to_sql_catches_the_error_and_provides_a_message"/>
  </testsuite>
  <testsuite name="te_model_fitter" timestamp="2025-02-28T11:01:58Z" hostname="df1d531b92eb" tests="22" skipped="0" failures="0" errors="0" time="4.553">
    <testcase time="0.007000000000005" classname="te_model_fitter" name="stats_glm_logit_creates_the_fitter_object"/>
    <testcase time="0.00499999999999545" classname="te_model_fitter" name="stats_glm_logit_creates_the_fitter_object_with_path"/>
    <testcase time="0.00300000000000011" classname="te_model_fitter" name="stats_glm_logit_creates_the_fitter_object_with_path"/>
    <testcase time="0.0139999999999958" classname="te_model_fitter" name="fit_weights_model_works_for_stats_glm_logit"/>
    <testcase time="0.00300000000000011" classname="te_model_fitter" name="fit_weights_model_works_for_stats_glm_logit"/>
    <testcase time="0.00300000000000011" classname="te_model_fitter" name="fit_weights_model_works_for_stats_glm_logit"/>
    <testcase time="0.00300000000000011" classname="te_model_fitter" name="fit_weights_model_works_for_stats_glm_logit"/>
    <testcase time="0.00100000000000477" classname="te_model_fitter" name="fit_weights_model_works_for_stats_glm_logit"/>
    <testcase time="0.00499999999999545" classname="te_model_fitter" name="fit_weights_model_works_for_stats_glm_logit"/>
    <testcase time="0.00100000000000477" classname="te_model_fitter" name="fit_weights_model_works_for_stats_glm_logit"/>
    <testcase time="0.00199999999999534" classname="te_model_fitter" name="fit_weights_model_works_for_stats_glm_logit"/>
    <testcase time="4.44800000000001" classname="te_model_fitter" name="fit_outcome_model_works_for_stats_glm_logit"/>
    <testcase time="0.000999999999990564" classname="te_model_fitter" name="fit_outcome_model_works_for_stats_glm_logit"/>
    <testcase time="0.00400000000000489" classname="te_model_fitter" name="fit_outcome_model_works_for_stats_glm_logit"/>
    <testcase time="0.00600000000000023" classname="te_model_fitter" name="fit_outcome_model_works_for_stats_glm_logit"/>
    <testcase time="0.00300000000000011" classname="te_model_fitter" name="fit_outcome_model_works_for_stats_glm_logit"/>
    <testcase time="0.00100000000000477" classname="te_model_fitter" name="fit_outcome_model_works_for_stats_glm_logit"/>
    <testcase time="0.00399999999999068" classname="te_model_fitter" name="fit_outcome_model_works_for_stats_glm_logit"/>
    <testcase time="0.0130000000000052" classname="te_model_fitter" name="fit_outcome_model_works_for_stats_glm_logit_with_save_dir"/>
    <testcase time="0.00100000000000477" classname="te_model_fitter" name="fit_outcome_model_works_for_stats_glm_logit_with_save_dir"/>
    <testcase time="0.00300000000000011" classname="te_model_fitter" name="fit_outcome_model_works_for_stats_glm_logit_with_save_dir"/>
    <testcase time="0.0219999999999914" classname="te_model_fitter" name="fit_outcome_model_works_for_stats_glm_logit_with_save_dir"/>
  </testsuite>
  <testsuite name="te_parsnip" timestamp="2025-02-28T11:02:03Z" hostname="df1d531b92eb" tests="18" skipped="0" failures="0" errors="0" time="0.201">
    <testcase time="0.0880000000000081" classname="te_parsnip" name="parsnip_model_works"/>
    <testcase time="0.00300000000000011" classname="te_parsnip" name="parsnip_model_works"/>
    <testcase time="0.00900000000000034" classname="te_parsnip" name="parsnip_model_fails_for_invalid_model_specifications"/>
    <testcase time="0.00499999999999545" classname="te_parsnip" name="parsnip_model_fails_for_invalid_model_specifications"/>
    <testcase time="0.00499999999999545" classname="te_parsnip" name="parsnip_model_fails_for_invalid_model_specifications"/>
    <testcase time="0.0390000000000015" classname="te_parsnip" name="fit_weights_model_works_for_parsnip_models"/>
    <testcase time="0.00300000000000011" classname="te_parsnip" name="fit_weights_model_works_for_parsnip_models"/>
    <testcase time="0.00100000000000477" classname="te_parsnip" name="fit_weights_model_works_for_parsnip_models"/>
    <testcase time="0.00399999999999068" classname="te_parsnip" name="fit_weights_model_works_for_parsnip_models"/>
    <testcase time="0.00100000000000477" classname="te_parsnip" name="fit_weights_model_works_for_parsnip_models"/>
    <testcase time="0.00199999999999534" classname="te_parsnip" name="fit_weights_model_works_for_parsnip_models"/>
    <testcase time="0.0230000000000103" classname="te_parsnip" name="fit_weights_model_works_parsnip_logistic_regression"/>
    <testcase time="0.00300000000000011" classname="te_parsnip" name="fit_weights_model_works_parsnip_logistic_regression"/>
    <testcase time="0.00399999999999068" classname="te_parsnip" name="fit_weights_model_works_parsnip_logistic_regression"/>
    <testcase time="0.00300000000000011" classname="te_parsnip" name="fit_weights_model_works_parsnip_logistic_regression"/>
    <testcase time="0.00100000000000477" classname="te_parsnip" name="fit_weights_model_works_parsnip_logistic_regression"/>
    <testcase time="0.00400000000000489" classname="te_parsnip" name="fit_weights_model_works_parsnip_logistic_regression"/>
    <testcase time="0.00300000000000011" classname="te_parsnip" name="fit_weights_model_works_parsnip_logistic_regression"/>
  </testsuite>
  <testsuite name="te_weights" timestamp="2025-02-28T11:02:03Z" hostname="df1d531b92eb" tests="8" skipped="2" failures="0" errors="0" time="0.505">
    <testcase time="0.129999999999995" classname="te_weights" name="show_works_for_te_weights_spec_objects">
      <skipped message="Reason: On CRAN ('test-te_weights.R:20:3')"/>
    </testcase>
    <testcase time="0.191000000000003" classname="te_weights" name="weight_model_data_indices_works"/>
    <testcase time="0.00300000000000011" classname="te_weights" name="weight_model_data_indices_works"/>
    <testcase time="0.00300000000000011" classname="te_weights" name="weight_model_data_indices_works"/>
    <testcase time="0.012999999999991" classname="te_weights" name="weight_model_data_indices_works">
      <skipped message="Reason: On CRAN ('test-te_weights.R:62:3')"/>
    </testcase>
    <testcase time="0.156000000000006" classname="te_weights" name="weight_model_data_indices_catches_bad_input"/>
    <testcase time="0.00400000000000489" classname="te_weights" name="weight_model_data_indices_catches_bad_input"/>
    <testcase time="0.00499999999999545" classname="te_weights" name="weight_model_data_indices_catches_bad_input"/>
  </testsuite>
  <testsuite name="trial_sequence" timestamp="2025-02-28T11:02:04Z" hostname="df1d531b92eb" tests="118" skipped="4" failures="0" errors="0" time="6.673">
    <testcase time="0.0100000000000051" classname="trial_sequence" name="trial_sequence_creates_an_object_for_per_protocol"/>
    <testcase time="0.00300000000000011" classname="trial_sequence" name="trial_sequence_creates_an_object_for_per_protocol"/>
    <testcase time="0.00499999999999545" classname="trial_sequence" name="trial_sequence_creates_an_object_for_itt"/>
    <testcase time="0.00199999999999534" classname="trial_sequence" name="trial_sequence_creates_an_object_for_itt"/>
    <testcase time="0.00500000000000966" classname="trial_sequence" name="trial_sequence_creates_an_object_for_as_treated"/>
    <testcase time="0.00199999999999534" classname="trial_sequence" name="trial_sequence_creates_an_object_for_as_treated"/>
    <testcase time="0.00799999999999557" classname="trial_sequence" name="trial_sequence_errors_for_unknown_class"/>
    <testcase time="0.007000000000005" classname="trial_sequence" name="trial_sequence_errors_for_unknown_class"/>
    <testcase time="0.00999999999999091" classname="trial_sequence" name="trial_sequence_works_for_a_new_class"/>
    <testcase time="0.00300000000000011" classname="trial_sequence" name="trial_sequence_works_for_a_new_class"/>
    <testcase time="0.0370000000000061" classname="trial_sequence" name="show_works_for_trial_sequence_PP_with_nothing_set">
      <skipped message="Reason: On CRAN ('test-trial_sequence.R:41:3')"/>
    </testcase>
    <testcase time="0.019999999999996" classname="trial_sequence" name="show_works_for_trial_sequence_ITT_with_nothing_set">
      <skipped message="Reason: On CRAN ('test-trial_sequence.R:45:3')"/>
    </testcase>
    <testcase time="0.0190000000000055" classname="trial_sequence" name="show_works_for_trial_sequence_AT_with_nothing_set">
      <skipped message="Reason: On CRAN ('test-trial_sequence.R:49:3')"/>
    </testcase>
    <testcase time="0.131" classname="trial_sequence" name="show_works_for_trial_sequence_PP_with_data_and_outcome_model_set">
      <skipped message="Reason: On CRAN ('test-trial_sequence.R:56:3')"/>
    </testcase>
    <testcase time="0.552999999999997" classname="trial_sequence" name="set_data_works_for_trial_sequence_ITT"/>
    <testcase time="0.00199999999999534" classname="trial_sequence" name="set_data_works_for_trial_sequence_ITT"/>
    <testcase time="0.00100000000000477" classname="trial_sequence" name="set_data_works_for_trial_sequence_ITT"/>
    <testcase time="0.530000000000001" classname="trial_sequence" name="set_data_works_for_trial_sequence_PP"/>
    <testcase time="0.00100000000000477" classname="trial_sequence" name="set_data_works_for_trial_sequence_PP"/>
    <testcase time="0.000999999999990564" classname="trial_sequence" name="set_data_works_for_trial_sequence_PP"/>
    <testcase time="0.552000000000007" classname="trial_sequence" name="set_data_works_for_trial_sequence_AT"/>
    <testcase time="0.00199999999999534" classname="trial_sequence" name="set_data_works_for_trial_sequence_AT"/>
    <testcase time="0.00100000000000477" classname="trial_sequence" name="set_data_works_for_trial_sequence_AT"/>
    <testcase time="0.0100000000000051" classname="trial_sequence" name="set_data_errors_if_reserved_colnames_are_used"/>
    <testcase time="0.00899999999998613" classname="trial_sequence" name="set_data_errors_if_column_not_found"/>
    <testcase time="0.00900000000000034" classname="trial_sequence" name="set_data_errors_if_columns_used_twice"/>
    <testcase time="0.0330000000000013" classname="trial_sequence" name="ipw_data_works_as_expected"/>
    <testcase time="0.00400000000000489" classname="trial_sequence" name="ipw_data_works_as_expected"/>
    <testcase time="0.00900000000000034" classname="trial_sequence" name="set_switch_weight_model_fails_for_ITT"/>
    <testcase time="0.111000000000004" classname="trial_sequence" name="set_switch_weight_model_works_for_PP"/>
    <testcase time="0.00199999999999534" classname="trial_sequence" name="set_switch_weight_model_works_for_PP"/>
    <testcase time="0.00300000000000011" classname="trial_sequence" name="set_switch_weight_model_works_for_PP"/>
    <testcase time="0.00300000000000011" classname="trial_sequence" name="set_switch_weight_model_works_for_PP"/>
    <testcase time="0.00300000000000011" classname="trial_sequence" name="set_switch_weight_model_works_for_PP"/>
    <testcase time="0.00100000000000477" classname="trial_sequence" name="set_switch_weight_model_works_for_PP"/>
    <testcase time="0.137999999999991" classname="trial_sequence" name="time_on_sequence_doesn_t_get_included_in_numerator"/>
    <testcase time="0.108000000000004" classname="trial_sequence" name="set_censor_weight_model_works_for_ITT"/>
    <testcase time="0.00100000000000477" classname="trial_sequence" name="set_censor_weight_model_works_for_ITT"/>
    <testcase time="0.00300000000000011" classname="trial_sequence" name="set_censor_weight_model_works_for_ITT"/>
    <testcase time="0.00300000000000011" classname="trial_sequence" name="set_censor_weight_model_works_for_ITT"/>
    <testcase time="0.00300000000000011" classname="trial_sequence" name="set_censor_weight_model_works_for_ITT"/>
    <testcase time="0.000999999999990564" classname="trial_sequence" name="set_censor_weight_model_works_for_ITT"/>
    <testcase time="0.109999999999999" classname="trial_sequence" name="set_censor_weight_model_works_for_PP"/>
    <testcase time="0.00200000000000955" classname="trial_sequence" name="set_censor_weight_model_works_for_PP"/>
    <testcase time="0.00300000000000011" classname="trial_sequence" name="set_censor_weight_model_works_for_PP"/>
    <testcase time="0.00300000000000011" classname="trial_sequence" name="set_censor_weight_model_works_for_PP"/>
    <testcase time="0.00300000000000011" classname="trial_sequence" name="set_censor_weight_model_works_for_PP"/>
    <testcase time="0.000999999999990564" classname="trial_sequence" name="set_censor_weight_model_works_for_PP"/>
    <testcase time="0.135000000000005" classname="trial_sequence" name="time_on_sequence_doesn_t_get_included_in_numerator"/>
    <testcase time="0.132000000000005" classname="trial_sequence" name="calculate_weights_works_for_ITT_with_censor_weights"/>
    <testcase time="0.00199999999999534" classname="trial_sequence" name="calculate_weights_works_for_ITT_with_censor_weights"/>
    <testcase time="0.00400000000000489" classname="trial_sequence" name="calculate_weights_works_for_ITT_with_censor_weights"/>
    <testcase time="0.000999999999990564" classname="trial_sequence" name="calculate_weights_works_for_ITT_with_censor_weights"/>
    <testcase time="0.00300000000000011" classname="trial_sequence" name="calculate_weights_works_for_ITT_with_censor_weights"/>
    <testcase time="0.00200000000000955" classname="trial_sequence" name="calculate_weights_works_for_ITT_with_censor_weights"/>
    <testcase time="0.00300000000000011" classname="trial_sequence" name="calculate_weights_works_for_ITT_with_censor_weights"/>
    <testcase time="0.00399999999999068" classname="trial_sequence" name="calculate_weights_works_for_ITT_with_censor_weights"/>
    <testcase time="0.13900000000001" classname="trial_sequence" name="calculate_weights_works_for_PP_with_switch_weights"/>
    <testcase time="0.000999999999990564" classname="trial_sequence" name="calculate_weights_works_for_PP_with_switch_weights"/>
    <testcase time="0.00400000000000489" classname="trial_sequence" name="calculate_weights_works_for_PP_with_switch_weights"/>
    <testcase time="0.00199999999999534" classname="trial_sequence" name="calculate_weights_works_for_PP_with_switch_weights"/>
    <testcase time="0.00100000000000477" classname="trial_sequence" name="calculate_weights_works_for_PP_with_switch_weights"/>
    <testcase time="0.000999999999990564" classname="trial_sequence" name="calculate_weights_works_for_PP_with_switch_weights"/>
    <testcase time="0.00400000000000489" classname="trial_sequence" name="calculate_weights_works_for_PP_with_switch_weights"/>
    <testcase time="0.000999999999990564" classname="trial_sequence" name="calculate_weights_works_for_PP_with_switch_weights"/>
    <testcase time="0.00300000000000011" classname="trial_sequence" name="calculate_weights_works_for_PP_with_switch_weights"/>
    <testcase time="0.00200000000000955" classname="trial_sequence" name="calculate_weights_works_for_PP_with_switch_weights"/>
    <testcase time="0.00300000000000011" classname="trial_sequence" name="calculate_weights_works_for_PP_with_switch_weights"/>
    <testcase time="0.00199999999999534" classname="trial_sequence" name="calculate_weights_works_for_PP_with_switch_weights"/>
    <testcase time="0.00300000000000011" classname="trial_sequence" name="calculate_weights_works_for_PP_with_switch_weights"/>
    <testcase time="0.00100000000000477" classname="trial_sequence" name="calculate_weights_works_for_PP_with_switch_weights"/>
    <testcase time="0.353999999999999" classname="trial_sequence" name="calculate_weights_works_for_PP_with_switch_weights"/>
    <testcase time="0.135999999999996" classname="trial_sequence" name="set_outcome_model_works_for_PP_with_defaults"/>
    <testcase time="0.00100000000000477" classname="trial_sequence" name="set_outcome_model_works_for_PP_with_defaults"/>
    <testcase time="0.00199999999999534" classname="trial_sequence" name="set_outcome_model_works_for_PP_with_defaults"/>
    <testcase time="0.00300000000000011" classname="trial_sequence" name="set_outcome_model_works_for_PP_with_defaults"/>
    <testcase time="0.00100000000000477" classname="trial_sequence" name="set_outcome_model_works_for_PP_with_defaults"/>
    <testcase time="0.108000000000004" classname="trial_sequence" name="set_outcome_model_works_for_ITT"/>
    <testcase time="0.00199999999999534" classname="trial_sequence" name="set_outcome_model_works_for_ITT"/>
    <testcase time="0.000999999999990564" classname="trial_sequence" name="set_outcome_model_works_for_ITT"/>
    <testcase time="0.00400000000000489" classname="trial_sequence" name="set_outcome_model_works_for_ITT"/>
    <testcase time="0.00100000000000477" classname="trial_sequence" name="set_outcome_model_works_for_ITT"/>
    <testcase time="0.108999999999995" classname="trial_sequence" name="set_outcome_model_works_for_ATT"/>
    <testcase time="0.00100000000000477" classname="trial_sequence" name="set_outcome_model_works_for_ATT"/>
    <testcase time="0.00199999999999534" classname="trial_sequence" name="set_outcome_model_works_for_ATT"/>
    <testcase time="0.00300000000000011" classname="trial_sequence" name="set_outcome_model_works_for_ATT"/>
    <testcase time="0.00200000000000955" classname="trial_sequence" name="set_outcome_model_works_for_ATT"/>
    <testcase time="0.032999999999987" classname="trial_sequence" name="set_outcome_model_doesn_t_work_if_data_isn_t_set"/>
    <testcase time="0.114000000000004" classname="trial_sequence" name="set_outcome_model_doesn_t_work_if_with_unknown_variables"/>
    <testcase time="0.111999999999995" classname="trial_sequence" name="set_outcome_model_works_with_strings"/>
    <testcase time="0.00300000000000011" classname="trial_sequence" name="set_outcome_model_works_with_strings"/>
    <testcase time="0.138000000000005" classname="trial_sequence" name="stabilised_weight_terms_are_included_in_outcome_model"/>
    <testcase time="0.00499999999999545" classname="trial_sequence" name="stabilised_weight_terms_are_included_in_outcome_model"/>
    <testcase time="0.00500000000000966" classname="trial_sequence" name="stabilised_weight_terms_are_included_in_outcome_model"/>
    <testcase time="2.014" classname="trial_sequence" name="weights_are_1_when_not_calculated_by_calculate_weights"/>
    <testcase time="0.00400000000000489" classname="trial_sequence" name="weights_are_1_when_not_calculated_by_calculate_weights"/>
    <testcase time="0.00799999999999557" classname="trial_sequence" name="outcome_data_accessor_setter_works"/>
    <testcase time="0.00300000000000011" classname="trial_sequence" name="outcome_data_accessor_setter_works"/>
    <testcase time="0.00400000000000489" classname="trial_sequence" name="outcome_data_accessor_setter_works"/>
    <testcase time="0.000999999999990564" classname="trial_sequence" name="outcome_data_accessor_setter_works"/>
    <testcase time="0.00300000000000011" classname="trial_sequence" name="outcome_data_accessor_setter_works"/>
    <testcase time="0.170000000000002" classname="trial_sequence" name="load_expanded_data_works_with_trial_sequence_objects_containing_te_datastore_datatable_objects"/>
    <testcase time="0.0529999999999973" classname="trial_sequence" name="load_expanded_data_works_with_trial_sequence_objects_containing_te_datastore_datatable_objects"/>
    <testcase time="0.177000000000007" classname="trial_sequence" name="load_expanded_data_works_with_trial_sequence_objects_containing_te_datastore_datatable_objects"/>
    <testcase time="0.054000000000002" classname="trial_sequence" name="load_expanded_data_works_with_trial_sequence_objects_containing_te_datastore_datatable_objects"/>
    <testcase time="0.0519999999999925" classname="trial_sequence" name="load_expanded_data_works_with_trial_sequence_objects_containing_te_datastore_datatable_objects"/>
    <testcase time="0.00300000000000011" classname="trial_sequence" name="load_expanded_data_works_with_trial_sequence_objects_containing_te_datastore_datatable_objects"/>
    <testcase time="0.00300000000000011" classname="trial_sequence" name="load_expanded_data_works_with_trial_sequence_objects_containing_te_datastore_datatable_objects"/>
    <testcase time="0.00400000000000489" classname="trial_sequence" name="load_expanded_data_works_with_trial_sequence_objects_containing_te_datastore_datatable_objects"/>
    <testcase time="0.00300000000000011" classname="trial_sequence" name="load_expanded_data_works_with_trial_sequence_objects_containing_te_datastore_datatable_objects"/>
    <testcase time="0.00300000000000011" classname="trial_sequence" name="load_expanded_data_works_with_trial_sequence_objects_containing_te_datastore_datatable_objects"/>
    <testcase time="0.00300000000000011" classname="trial_sequence" name="load_expanded_data_works_with_trial_sequence_objects_containing_te_datastore_datatable_objects"/>
    <testcase time="0.00300000000000011" classname="trial_sequence" name="load_expanded_data_works_with_trial_sequence_objects_containing_te_datastore_datatable_objects"/>
    <testcase time="0.0240000000000009" classname="trial_sequence" name="load_expanded_data_works_with_trial_sequence_objects_containing_te_datastore_datatable_objects"/>
    <testcase time="0.00600000000000023" classname="trial_sequence" name="load_expanded_data_works_with_trial_sequence_objects_containing_te_datastore_datatable_objects"/>
    <testcase time="0.000999999999990564" classname="trial_sequence" name="load_expanded_data_works_with_trial_sequence_objects_containing_te_datastore_datatable_objects"/>
    <testcase time="0.00200000000000955" classname="trial_sequence" name="load_expanded_data_works_with_trial_sequence_objects_containing_te_datastore_datatable_objects"/>
    <testcase time="0.000999999999990564" classname="trial_sequence" name="load_expanded_data_works_with_trial_sequence_objects_containing_te_datastore_datatable_objects"/>
  </testsuite>
  <testsuite name="utils" timestamp="2025-02-28T11:02:10Z" hostname="df1d531b92eb" tests="19" skipped="0" failures="0" errors="0" time="0.467">
    <testcase time="0.00900000000000034" classname="utils" name="quiet_print_works_as_expected"/>
    <testcase time="0.00200000000000955" classname="utils" name="quiet_print_works_as_expected"/>
    <testcase time="0.00499999999999545" classname="utils" name="quiet_msg_works_as_expected"/>
    <testcase time="0.00400000000000489" classname="utils" name="quiet_msg_works_as_expected"/>
    <testcase time="0.00499999999999545" classname="utils" name="quiet_line_works_as_expected"/>
    <testcase time="0.00499999999999545" classname="utils" name="quiet_line_works_as_expected"/>
    <testcase time="0.372" classname="utils" name="quiet_msg_time_works_as_expected"/>
    <testcase time="0.00400000000000489" classname="utils" name="quiet_msg_time_works_as_expected"/>
    <testcase time="0.0120000000000005" classname="utils" name="extract_baseline_works_works_as_expected"/>
    <testcase time="0.00600000000000023" classname="utils" name="as_formula_works_with_a_formula_as_string"/>
    <testcase time="0.00600000000000023" classname="utils" name="as_formula_works_with_strings"/>
    <testcase time="0.00499999999999545" classname="utils" name="as_formula_works_with_formulas"/>
    <testcase time="0.00799999999999557" classname="utils" name="assert_monotonic_works_as_expected"/>
    <testcase time="0.00400000000000489" classname="utils" name="assert_monotonic_works_as_expected"/>
    <testcase time="0.00400000000000489" classname="utils" name="assert_monotonic_works_as_expected"/>
    <testcase time="0.00499999999999545" classname="utils" name="assert_monotonic_works_as_expected"/>
    <testcase time="0.00199999999999534" classname="utils" name="assert_monotonic_works_as_expected"/>
    <testcase time="0.00300000000000011" classname="utils" name="assert_monotonic_works_as_expected"/>
    <testcase time="0.00600000000000023" classname="utils" name="rhs_vars_works_as_expected"/>
  </testsuite>
</testsuites>
